<?xml version="1.0" encoding="UTF-8"?>
<!-- Generated by org.testng.reporters.JUnitReportReporter -->
<testsuite hostname="LAPTOP-LEC46EMO" failures="0" tests="8" name="com.runner.RunnerTestNg" time="379.168" errors="0" timestamp="2025-05-12T08:22:00 IST" skipped="0">
  <testcase classname="com.runner.RunnerTestNg" name="runScenario" time="54.927"/>
  <testcase classname="com.runner.RunnerTestNg" name="runScenario" time="46.083"/>
  <testcase classname="com.runner.RunnerTestNg" name="runScenario" time="43.898"/>
  <testcase classname="com.runner.RunnerTestNg" name="runScenario" time="44.527"/>
  <testcase classname="com.runner.RunnerTestNg" name="runScenario" time="44.534"/>
  <testcase classname="com.runner.RunnerTestNg" name="runScenario" time="44.562"/>
  <testcase classname="com.runner.RunnerTestNg" name="runScenario" time="55.676"/>
  <testcase classname="com.runner.RunnerTestNg" name="runScenario" time="44.961"/>
</testsuite> <!-- com.runner.RunnerTestNg -->
