<?xml version="1.0" encoding="UTF-8"?>
<!-- Generated by org.testng.reporters.JUnitReportReporter -->
<testsuite hostname="Saranya" failures="0" tests="4" name="com.runner.RunnerTestNg2" time="166.710" errors="0" timestamp="2025-04-14T19:16:01 IST" skipped="0">
  <testcase classname="com.runner.RunnerTestNg2" name="runScenario" time="45.547"/>
  <testcase classname="com.runner.RunnerTestNg2" name="runScenario" time="48.401"/>
  <testcase classname="com.runner.RunnerTestNg2" name="runScenario" time="49.279"/>
  <testcase classname="com.runner.RunnerTestNg2" name="runScenario" time="23.483"/>
</testsuite> <!-- com.runner.RunnerTestNg2 -->
