<?xml version="1.0" encoding="UTF-8"?>
<!-- Generated by org.testng.reporters.JUnitReportReporter -->
<testsuite hostname="DESKTOP-IF37F16" failures="0" tests="49" name="com.runner.RunnerTestNg" time="4348.476" errors="6" timestamp="2025-04-16T22:03:06 IST" skipped="0">
  <testcase classname="com.runner.RunnerTestNg" name="runScenario" time="42.488"/>
  <testcase classname="com.runner.RunnerTestNg" name="runScenario" time="115.312"/>
  <testcase classname="com.runner.RunnerTestNg" name="runScenario" time="53.729"/>
  <testcase classname="com.runner.RunnerTestNg" name="runScenario" time="87.318"/>
  <testcase classname="com.runner.RunnerTestNg" name="runScenario" time="77.520">
    <error message="Expected condition failed: waiting for element to be clickable: [[ChromeDriver: chrome on windows (1400bed3fa85ed40bcefef53e22baf1e)] -&gt; xpath: //a[@class=&#039;icon-left both dropdown-item&#039; and @href=&#039;https://ecommerce-playground.lambdatest.io/index.php?route=account/register&#039;]] (tried for 15 second(s) with 500 milliseconds interval)
Build info: version: &#039;4.31.0&#039;, revision: &#039;1ef9f18787*&#039;
System info: os.name: &#039;Windows 10&#039;, os.arch: &#039;amd64&#039;, os.version: &#039;10.0&#039;, java.version: &#039;21.0.6&#039;
Driver info: org.openqa.selenium.chrome.ChromeDriver
Capabilities {acceptInsecureCerts: false, browserName: chrome, browserVersion: 135.0.7049.85, chrome: {chromedriverVersion: 135.0.7049.95 (de2eb485a195..., userDataDir: C:\Users\admi\AppData\Local...}, fedcm:accounts: true, goog:chromeOptions: {debuggerAddress: localhost:51973}, networkConnectionEnabled: false, pageLoadStrategy: normal, platformName: windows, proxy: Proxy(), se:cdp: ws://localhost:51973/devtoo..., se:cdpVersion: 135.0.7049.85, setWindowRect: true, strictFileInteractability: false, timeouts: {implicit: 0, pageLoad: 300000, script: 30000}, unhandledPromptBehavior: dismiss and notify, webauthn:extension:credBlob: true, webauthn:extension:largeBlob: true, webauthn:extension:minPinLength: true, webauthn:extension:prf: true, webauthn:virtualAuthenticators: true}
Session ID: 1400bed3fa85ed40bcefef53e22baf1e" type="org.openqa.selenium.TimeoutException">
      <![CDATA[org.openqa.selenium.TimeoutException: Expected condition failed: waiting for element to be clickable: [[ChromeDriver: chrome on windows (1400bed3fa85ed40bcefef53e22baf1e)] -> xpath: //a[@class='icon-left both dropdown-item' and @href='https://ecommerce-playground.lambdatest.io/index.php?route=account/register']] (tried for 15 second(s) with 500 milliseconds interval)
Build info: version: '4.31.0', revision: '1ef9f18787*'
System info: os.name: 'Windows 10', os.arch: 'amd64', os.version: '10.0', java.version: '21.0.6'
Driver info: org.openqa.selenium.chrome.ChromeDriver
Capabilities {acceptInsecureCerts: false, browserName: chrome, browserVersion: 135.0.7049.85, chrome: {chromedriverVersion: 135.0.7049.95 (de2eb485a195..., userDataDir: C:\Users\admi\AppData\Local...}, fedcm:accounts: true, goog:chromeOptions: {debuggerAddress: localhost:51973}, networkConnectionEnabled: false, pageLoadStrategy: normal, platformName: windows, proxy: Proxy(), se:cdp: ws://localhost:51973/devtoo..., se:cdpVersion: 135.0.7049.85, setWindowRect: true, strictFileInteractability: false, timeouts: {implicit: 0, pageLoad: 300000, script: 30000}, unhandledPromptBehavior: dismiss and notify, webauthn:extension:credBlob: true, webauthn:extension:largeBlob: true, webauthn:extension:minPinLength: true, webauthn:extension:prf: true, webauthn:virtualAuthenticators: true}
Session ID: 1400bed3fa85ed40bcefef53e22baf1e
at org.openqa.selenium.support.ui.WebDriverWait.timeoutException(WebDriverWait.java:84)
at org.openqa.selenium.support.ui.FluentWait.until(FluentWait.java:228)
at com.actions.UserRegistrationAction.waitAndClick(UserRegistrationAction.java:294)
at com.actions.UserRegistrationAction.clickRegister(UserRegistrationAction.java:241)
at com.definitions.UserRegistrationDefinition.clicks_the_register_button(UserRegistrationDefinition.java:29)
at ✽.clicks the register button(file:///C:/Users/admi/git/Ecommerce-lamdatest-bdd/ecommerce-lambdatest-bd/src/test/resources/com/features/AffiliateAccount.feature:7)
]]>
    </error>
  </testcase> <!-- runScenario -->
  <testcase classname="com.runner.RunnerTestNg" name="runScenario" time="195.855"/>
  <testcase classname="com.runner.RunnerTestNg" name="runScenario" time="27.323"/>
  <testcase classname="com.runner.RunnerTestNg" name="runScenario" time="54.811"/>
  <testcase classname="com.runner.RunnerTestNg" name="runScenario" time="77.635">
    <error message="Expected condition failed: waiting for element to be clickable: [[ChromeDriver: chrome on windows (6a45961ff90f08b222dcdaf6aa606632)] -&gt; xpath: //a[@class=&#039;icon-left both dropdown-item&#039; and @href=&#039;https://ecommerce-playground.lambdatest.io/index.php?route=account/register&#039;]] (tried for 15 second(s) with 500 milliseconds interval)
Build info: version: &#039;4.31.0&#039;, revision: &#039;1ef9f18787*&#039;
System info: os.name: &#039;Windows 10&#039;, os.arch: &#039;amd64&#039;, os.version: &#039;10.0&#039;, java.version: &#039;21.0.6&#039;
Driver info: org.openqa.selenium.chrome.ChromeDriver
Capabilities {acceptInsecureCerts: false, browserName: chrome, browserVersion: 135.0.7049.85, chrome: {chromedriverVersion: 135.0.7049.95 (de2eb485a195..., userDataDir: C:\Users\admi\AppData\Local...}, fedcm:accounts: true, goog:chromeOptions: {debuggerAddress: localhost:51842}, networkConnectionEnabled: false, pageLoadStrategy: normal, platformName: windows, proxy: Proxy(), se:cdp: ws://localhost:51842/devtoo..., se:cdpVersion: 135.0.7049.85, setWindowRect: true, strictFileInteractability: false, timeouts: {implicit: 0, pageLoad: 300000, script: 30000}, unhandledPromptBehavior: dismiss and notify, webauthn:extension:credBlob: true, webauthn:extension:largeBlob: true, webauthn:extension:minPinLength: true, webauthn:extension:prf: true, webauthn:virtualAuthenticators: true}
Session ID: 6a45961ff90f08b222dcdaf6aa606632" type="org.openqa.selenium.TimeoutException">
      <![CDATA[org.openqa.selenium.TimeoutException: Expected condition failed: waiting for element to be clickable: [[ChromeDriver: chrome on windows (6a45961ff90f08b222dcdaf6aa606632)] -> xpath: //a[@class='icon-left both dropdown-item' and @href='https://ecommerce-playground.lambdatest.io/index.php?route=account/register']] (tried for 15 second(s) with 500 milliseconds interval)
Build info: version: '4.31.0', revision: '1ef9f18787*'
System info: os.name: 'Windows 10', os.arch: 'amd64', os.version: '10.0', java.version: '21.0.6'
Driver info: org.openqa.selenium.chrome.ChromeDriver
Capabilities {acceptInsecureCerts: false, browserName: chrome, browserVersion: 135.0.7049.85, chrome: {chromedriverVersion: 135.0.7049.95 (de2eb485a195..., userDataDir: C:\Users\admi\AppData\Local...}, fedcm:accounts: true, goog:chromeOptions: {debuggerAddress: localhost:51842}, networkConnectionEnabled: false, pageLoadStrategy: normal, platformName: windows, proxy: Proxy(), se:cdp: ws://localhost:51842/devtoo..., se:cdpVersion: 135.0.7049.85, setWindowRect: true, strictFileInteractability: false, timeouts: {implicit: 0, pageLoad: 300000, script: 30000}, unhandledPromptBehavior: dismiss and notify, webauthn:extension:credBlob: true, webauthn:extension:largeBlob: true, webauthn:extension:minPinLength: true, webauthn:extension:prf: true, webauthn:virtualAuthenticators: true}
Session ID: 6a45961ff90f08b222dcdaf6aa606632
at org.openqa.selenium.support.ui.WebDriverWait.timeoutException(WebDriverWait.java:84)
at org.openqa.selenium.support.ui.FluentWait.until(FluentWait.java:228)
at com.actions.UserRegistrationAction.waitAndClick(UserRegistrationAction.java:294)
at com.actions.UserRegistrationAction.clickRegister(UserRegistrationAction.java:241)
at com.definitions.UserRegistrationDefinition.clicks_the_register_button(UserRegistrationDefinition.java:29)
at ✽.clicks the register button(file:///C:/Users/admi/git/Ecommerce-lamdatest-bdd/ecommerce-lambdatest-bd/src/test/resources/com/features/AffiliateAccount.feature:7)
]]>
    </error>
  </testcase> <!-- runScenario -->
  <testcase classname="com.runner.RunnerTestNg" name="runScenario" time="177.341"/>
  <testcase classname="com.runner.RunnerTestNg" name="runScenario" time="31.051"/>
  <testcase classname="com.runner.RunnerTestNg" name="runScenario" time="75.275">
    <error message="Expected condition failed: waiting for element to be clickable: [[ChromeDriver: chrome on windows (947d89e3736214e9d4e967e938375c68)] -&gt; xpath: //a[@class=&#039;icon-left both dropdown-item&#039; and @href=&#039;https://ecommerce-playground.lambdatest.io/index.php?route=account/register&#039;]] (tried for 15 second(s) with 500 milliseconds interval)
Build info: version: &#039;4.31.0&#039;, revision: &#039;1ef9f18787*&#039;
System info: os.name: &#039;Windows 10&#039;, os.arch: &#039;amd64&#039;, os.version: &#039;10.0&#039;, java.version: &#039;21.0.6&#039;
Driver info: org.openqa.selenium.chrome.ChromeDriver
Capabilities {acceptInsecureCerts: false, browserName: chrome, browserVersion: 135.0.7049.85, chrome: {chromedriverVersion: 135.0.7049.95 (de2eb485a195..., userDataDir: C:\Users\admi\AppData\Local...}, fedcm:accounts: true, goog:chromeOptions: {debuggerAddress: localhost:52050}, networkConnectionEnabled: false, pageLoadStrategy: normal, platformName: windows, proxy: Proxy(), se:cdp: ws://localhost:52050/devtoo..., se:cdpVersion: 135.0.7049.85, setWindowRect: true, strictFileInteractability: false, timeouts: {implicit: 0, pageLoad: 300000, script: 30000}, unhandledPromptBehavior: dismiss and notify, webauthn:extension:credBlob: true, webauthn:extension:largeBlob: true, webauthn:extension:minPinLength: true, webauthn:extension:prf: true, webauthn:virtualAuthenticators: true}
Session ID: 947d89e3736214e9d4e967e938375c68" type="org.openqa.selenium.TimeoutException">
      <![CDATA[org.openqa.selenium.TimeoutException: Expected condition failed: waiting for element to be clickable: [[ChromeDriver: chrome on windows (947d89e3736214e9d4e967e938375c68)] -> xpath: //a[@class='icon-left both dropdown-item' and @href='https://ecommerce-playground.lambdatest.io/index.php?route=account/register']] (tried for 15 second(s) with 500 milliseconds interval)
Build info: version: '4.31.0', revision: '1ef9f18787*'
System info: os.name: 'Windows 10', os.arch: 'amd64', os.version: '10.0', java.version: '21.0.6'
Driver info: org.openqa.selenium.chrome.ChromeDriver
Capabilities {acceptInsecureCerts: false, browserName: chrome, browserVersion: 135.0.7049.85, chrome: {chromedriverVersion: 135.0.7049.95 (de2eb485a195..., userDataDir: C:\Users\admi\AppData\Local...}, fedcm:accounts: true, goog:chromeOptions: {debuggerAddress: localhost:52050}, networkConnectionEnabled: false, pageLoadStrategy: normal, platformName: windows, proxy: Proxy(), se:cdp: ws://localhost:52050/devtoo..., se:cdpVersion: 135.0.7049.85, setWindowRect: true, strictFileInteractability: false, timeouts: {implicit: 0, pageLoad: 300000, script: 30000}, unhandledPromptBehavior: dismiss and notify, webauthn:extension:credBlob: true, webauthn:extension:largeBlob: true, webauthn:extension:minPinLength: true, webauthn:extension:prf: true, webauthn:virtualAuthenticators: true}
Session ID: 947d89e3736214e9d4e967e938375c68
at org.openqa.selenium.support.ui.WebDriverWait.timeoutException(WebDriverWait.java:84)
at org.openqa.selenium.support.ui.FluentWait.until(FluentWait.java:228)
at com.actions.UserRegistrationAction.waitAndClick(UserRegistrationAction.java:294)
at com.actions.UserRegistrationAction.clickRegister(UserRegistrationAction.java:241)
at com.definitions.UserRegistrationDefinition.clicks_the_register_button(UserRegistrationDefinition.java:29)
at ✽.clicks the register button(file:///C:/Users/admi/git/Ecommerce-lamdatest-bdd/ecommerce-lambdatest-bd/src/test/resources/com/features/AffiliateAccount.feature:7)
]]>
    </error>
  </testcase> <!-- runScenario -->
  <testcase classname="com.runner.RunnerTestNg" name="runScenario" time="55.414"/>
  <testcase classname="com.runner.RunnerTestNg" name="runScenario" time="186.359"/>
  <testcase classname="com.runner.RunnerTestNg" name="runScenario" time="303.112"/>
  <testcase classname="com.runner.RunnerTestNg" name="runScenario" time="36.692"/>
  <testcase classname="com.runner.RunnerTestNg" name="runScenario" time="39.599"/>
  <testcase classname="com.runner.RunnerTestNg" name="runScenario" time="101.172"/>
  <testcase classname="com.runner.RunnerTestNg" name="runScenario" time="158.034"/>
  <testcase classname="com.runner.RunnerTestNg" name="runScenario" time="41.640"/>
  <testcase classname="com.runner.RunnerTestNg" name="runScenario" time="39.237"/>
  <testcase classname="com.runner.RunnerTestNg" name="runScenario" time="88.125"/>
  <testcase classname="com.runner.RunnerTestNg" name="runScenario" time="28.822"/>
  <testcase classname="com.runner.RunnerTestNg" name="runScenario" time="76.089"/>
  <testcase classname="com.runner.RunnerTestNg" name="runScenario" time="50.385">
    <error message="The supplied file was empty (zero bytes long)" type="org.apache.poi.EmptyFileException">
      <![CDATA[org.apache.poi.EmptyFileException: The supplied file was empty (zero bytes long)
at org.apache.poi.util.IOUtils.peekFirstNBytes(IOUtils.java:144)
at org.apache.poi.poifs.filesystem.FileMagic.valueOf(FileMagic.java:209)
at org.apache.poi.openxml4j.opc.internal.ZipHelper.verifyZipHeader(ZipHelper.java:143)
at org.apache.poi.openxml4j.opc.internal.ZipHelper.openZipStream(ZipHelper.java:175)
at org.apache.poi.openxml4j.opc.ZipPackage.<init>(ZipPackage.java:130)
at org.apache.poi.openxml4j.opc.OPCPackage.open(OPCPackage.java:319)
at org.apache.poi.ooxml.util.PackageHelper.open(PackageHelper.java:59)
at org.apache.poi.xssf.usermodel.XSSFWorkbook.<init>(XSSFWorkbook.java:290)
at org.apache.poi.xssf.usermodel.XSSFWorkbook.<init>(XSSFWorkbook.java:286)
at com.utilities.ExcelReader.getData(ExcelReader.java:49)
at com.definitions.UserAccountDefinition.user_enters_valid_details(UserAccountDefinition.java:138)
at ✽.user enters valid details(file:///C:/Users/admi/git/Ecommerce-lamdatest-bdd/ecommerce-lambdatest-bd/src/test/resources/com/features/UserAccountManagement.feature:22)
]]>
    </error>
  </testcase> <!-- runScenario -->
  <testcase classname="com.runner.RunnerTestNg" name="runScenario" time="40.084"/>
  <testcase classname="com.runner.RunnerTestNg" name="runScenario" time="183.522"/>
  <testcase classname="com.runner.RunnerTestNg" name="runScenario" time="20.059"/>
  <testcase classname="com.runner.RunnerTestNg" name="runScenario" time="87.670"/>
  <testcase classname="com.runner.RunnerTestNg" name="runScenario" time="36.594"/>
  <testcase classname="com.runner.RunnerTestNg" name="runScenario" time="75.491"/>
  <testcase classname="com.runner.RunnerTestNg" name="runScenario" time="39.243"/>
  <testcase classname="com.runner.RunnerTestNg" name="runScenario" time="19.308"/>
  <testcase classname="com.runner.RunnerTestNg" name="runScenario" time="265.595"/>
  <testcase classname="com.runner.RunnerTestNg" name="runScenario" time="84.337"/>
  <testcase classname="com.runner.RunnerTestNg" name="runScenario" time="85.207"/>
  <testcase classname="com.runner.RunnerTestNg" name="runScenario" time="91.175"/>
  <testcase classname="com.runner.RunnerTestNg" name="runScenario" time="97.035">
    <error message="Expected condition failed: waiting for element to be clickable: [[ChromeDriver: chrome on windows (d60c1a0aad60efa69a3cac5456eaf318)] -&gt; xpath: //a[@class=&#039;icon-left both dropdown-item&#039; and @href=&#039;https://ecommerce-playground.lambdatest.io/index.php?route=account/register&#039;]] (tried for 15 second(s) with 500 milliseconds interval)
Build info: version: &#039;4.31.0&#039;, revision: &#039;1ef9f18787*&#039;
System info: os.name: &#039;Windows 10&#039;, os.arch: &#039;amd64&#039;, os.version: &#039;10.0&#039;, java.version: &#039;21.0.6&#039;
Driver info: org.openqa.selenium.chrome.ChromeDriver
Capabilities {acceptInsecureCerts: false, browserName: chrome, browserVersion: 135.0.7049.85, chrome: {chromedriverVersion: 135.0.7049.95 (de2eb485a195..., userDataDir: C:\Users\admi\AppData\Local...}, fedcm:accounts: true, goog:chromeOptions: {debuggerAddress: localhost:51794}, networkConnectionEnabled: false, pageLoadStrategy: normal, platformName: windows, proxy: Proxy(), se:cdp: ws://localhost:51794/devtoo..., se:cdpVersion: 135.0.7049.85, setWindowRect: true, strictFileInteractability: false, timeouts: {implicit: 0, pageLoad: 300000, script: 30000}, unhandledPromptBehavior: dismiss and notify, webauthn:extension:credBlob: true, webauthn:extension:largeBlob: true, webauthn:extension:minPinLength: true, webauthn:extension:prf: true, webauthn:virtualAuthenticators: true}
Session ID: d60c1a0aad60efa69a3cac5456eaf318" type="org.openqa.selenium.TimeoutException">
      <![CDATA[org.openqa.selenium.TimeoutException: Expected condition failed: waiting for element to be clickable: [[ChromeDriver: chrome on windows (d60c1a0aad60efa69a3cac5456eaf318)] -> xpath: //a[@class='icon-left both dropdown-item' and @href='https://ecommerce-playground.lambdatest.io/index.php?route=account/register']] (tried for 15 second(s) with 500 milliseconds interval)
Build info: version: '4.31.0', revision: '1ef9f18787*'
System info: os.name: 'Windows 10', os.arch: 'amd64', os.version: '10.0', java.version: '21.0.6'
Driver info: org.openqa.selenium.chrome.ChromeDriver
Capabilities {acceptInsecureCerts: false, browserName: chrome, browserVersion: 135.0.7049.85, chrome: {chromedriverVersion: 135.0.7049.95 (de2eb485a195..., userDataDir: C:\Users\admi\AppData\Local...}, fedcm:accounts: true, goog:chromeOptions: {debuggerAddress: localhost:51794}, networkConnectionEnabled: false, pageLoadStrategy: normal, platformName: windows, proxy: Proxy(), se:cdp: ws://localhost:51794/devtoo..., se:cdpVersion: 135.0.7049.85, setWindowRect: true, strictFileInteractability: false, timeouts: {implicit: 0, pageLoad: 300000, script: 30000}, unhandledPromptBehavior: dismiss and notify, webauthn:extension:credBlob: true, webauthn:extension:largeBlob: true, webauthn:extension:minPinLength: true, webauthn:extension:prf: true, webauthn:virtualAuthenticators: true}
Session ID: d60c1a0aad60efa69a3cac5456eaf318
at org.openqa.selenium.support.ui.WebDriverWait.timeoutException(WebDriverWait.java:84)
at org.openqa.selenium.support.ui.FluentWait.until(FluentWait.java:228)
at com.actions.UserRegistrationAction.waitAndClick(UserRegistrationAction.java:294)
at com.actions.UserRegistrationAction.clickRegister(UserRegistrationAction.java:241)
at com.definitions.UserRegistrationDefinition.clicks_the_register_button(UserRegistrationDefinition.java:29)
at ✽.clicks the register button(file:///C:/Users/admi/git/Ecommerce-lamdatest-bdd/ecommerce-lambdatest-bd/src/test/resources/com/features/AffiliateAccount.feature:7)
]]>
    </error>
  </testcase> <!-- runScenario -->
  <testcase classname="com.runner.RunnerTestNg" name="runScenario" time="33.145"/>
  <testcase classname="com.runner.RunnerTestNg" name="runScenario" time="190.375"/>
  <testcase classname="com.runner.RunnerTestNg" name="runScenario" time="147.256">
    <error message="Expected condition failed: waiting for element to be clickable: [[ChromeDriver: chrome on windows (bdc2e5e3f9db9da175a55db3ceaf5c3a)] -&gt; xpath: //a[@role=&#039;button&#039; and contains(@class,&#039;btn-block&#039;) and normalize-space()=&#039;Edit cart&#039;]] (tried for 15 second(s) with 500 milliseconds interval)
Build info: version: &#039;4.31.0&#039;, revision: &#039;1ef9f18787*&#039;
System info: os.name: &#039;Windows 10&#039;, os.arch: &#039;amd64&#039;, os.version: &#039;10.0&#039;, java.version: &#039;21.0.6&#039;
Driver info: org.openqa.selenium.chrome.ChromeDriver
Capabilities {acceptInsecureCerts: false, browserName: chrome, browserVersion: 135.0.7049.85, chrome: {chromedriverVersion: 135.0.7049.95 (de2eb485a195..., userDataDir: C:\Users\admi\AppData\Local...}, fedcm:accounts: true, goog:chromeOptions: {debuggerAddress: localhost:52663}, networkConnectionEnabled: false, pageLoadStrategy: normal, platformName: windows, proxy: Proxy(), se:cdp: ws://localhost:52663/devtoo..., se:cdpVersion: 135.0.7049.85, setWindowRect: true, strictFileInteractability: false, timeouts: {implicit: 0, pageLoad: 300000, script: 30000}, unhandledPromptBehavior: dismiss and notify, webauthn:extension:credBlob: true, webauthn:extension:largeBlob: true, webauthn:extension:minPinLength: true, webauthn:extension:prf: true, webauthn:virtualAuthenticators: true}
Session ID: bdc2e5e3f9db9da175a55db3ceaf5c3a" type="org.openqa.selenium.TimeoutException">
      <![CDATA[org.openqa.selenium.TimeoutException: Expected condition failed: waiting for element to be clickable: [[ChromeDriver: chrome on windows (bdc2e5e3f9db9da175a55db3ceaf5c3a)] -> xpath: //a[@role='button' and contains(@class,'btn-block') and normalize-space()='Edit cart']] (tried for 15 second(s) with 500 milliseconds interval)
Build info: version: '4.31.0', revision: '1ef9f18787*'
System info: os.name: 'Windows 10', os.arch: 'amd64', os.version: '10.0', java.version: '21.0.6'
Driver info: org.openqa.selenium.chrome.ChromeDriver
Capabilities {acceptInsecureCerts: false, browserName: chrome, browserVersion: 135.0.7049.85, chrome: {chromedriverVersion: 135.0.7049.95 (de2eb485a195..., userDataDir: C:\Users\admi\AppData\Local...}, fedcm:accounts: true, goog:chromeOptions: {debuggerAddress: localhost:52663}, networkConnectionEnabled: false, pageLoadStrategy: normal, platformName: windows, proxy: Proxy(), se:cdp: ws://localhost:52663/devtoo..., se:cdpVersion: 135.0.7049.85, setWindowRect: true, strictFileInteractability: false, timeouts: {implicit: 0, pageLoad: 300000, script: 30000}, unhandledPromptBehavior: dismiss and notify, webauthn:extension:credBlob: true, webauthn:extension:largeBlob: true, webauthn:extension:minPinLength: true, webauthn:extension:prf: true, webauthn:virtualAuthenticators: true}
Session ID: bdc2e5e3f9db9da175a55db3ceaf5c3a
at org.openqa.selenium.support.ui.WebDriverWait.timeoutException(WebDriverWait.java:84)
at org.openqa.selenium.support.ui.FluentWait.until(FluentWait.java:228)
at com.actions.AddToCartAction.viewShoppingCart(AddToCartAction.java:62)
at com.definitions.AddToCartDefinition.viewShoppingCart(AddToCartDefinition.java:36)
at ✽.user views the shopping cart(file:///C:/Users/admi/git/Ecommerce-lamdatest-bdd/ecommerce-lambdatest-bd/src/test/resources/com/features/ProductCheckOut.feature:67)
]]>
    </error>
  </testcase> <!-- runScenario -->
  <testcase classname="com.runner.RunnerTestNg" name="runScenario" time="182.088"/>
  <testcase classname="com.runner.RunnerTestNg" name="runScenario" time="67.934"/>
  <testcase classname="com.runner.RunnerTestNg" name="runScenario" time="99.742"/>
  <testcase classname="com.runner.RunnerTestNg" name="runScenario" time="78.178"/>
  <testcase classname="com.runner.RunnerTestNg" name="runScenario" time="29.811"/>
  <testcase classname="com.runner.RunnerTestNg" name="runScenario" time="87.431"/>
  <testcase classname="com.runner.RunnerTestNg" name="runScenario" time="50.140"/>
  <testcase classname="com.runner.RunnerTestNg" name="runScenario" time="36.718"/>
</testsuite> <!-- com.runner.RunnerTestNg -->
