<?xml version="1.0" encoding="UTF-8"?>
<!-- Generated by org.testng.reporters.JUnitReportReporter -->
<testsuite hostname="Saranya" failures="0" tests="68" name="com.runner.RunnerTestNg" time="3314.955" errors="0" timestamp="2025-05-07T09:23:07 IST" skipped="0">
  <testcase classname="com.runner.RunnerTestNg" name="runScenario" time="23.179"/>
  <testcase classname="com.runner.RunnerTestNg" name="runScenario" time="38.180"/>
  <testcase classname="com.runner.RunnerTestNg" name="runScenario" time="16.563"/>
  <testcase classname="com.runner.RunnerTestNg" name="runScenario" time="84.887"/>
  <testcase classname="com.runner.RunnerTestNg" name="runScenario" time="37.539"/>
  <testcase classname="com.runner.RunnerTestNg" name="runScenario" time="84.447"/>
  <testcase classname="com.runner.RunnerTestNg" name="runScenario" time="47.568"/>
  <testcase classname="com.runner.RunnerTestNg" name="runScenario" time="41.856"/>
  <testcase classname="com.runner.RunnerTestNg" name="runScenario" time="34.441"/>
  <testcase classname="com.runner.RunnerTestNg" name="runScenario" time="69.204"/>
  <testcase classname="com.runner.RunnerTestNg" name="runScenario" time="112.821"/>
  <testcase classname="com.runner.RunnerTestNg" name="runScenario" time="12.860"/>
  <testcase classname="com.runner.RunnerTestNg" name="runScenario" time="30.824"/>
  <testcase classname="com.runner.RunnerTestNg" name="runScenario" time="45.016"/>
  <testcase classname="com.runner.RunnerTestNg" name="runScenario" time="30.996"/>
  <testcase classname="com.runner.RunnerTestNg" name="runScenario" time="68.084"/>
  <testcase classname="com.runner.RunnerTestNg" name="runScenario" time="16.817"/>
  <testcase classname="com.runner.RunnerTestNg" name="runScenario" time="79.391"/>
  <testcase classname="com.runner.RunnerTestNg" name="runScenario" time="46.824"/>
  <testcase classname="com.runner.RunnerTestNg" name="runScenario" time="31.288"/>
  <testcase classname="com.runner.RunnerTestNg" name="runScenario" time="32.462"/>
  <testcase classname="com.runner.RunnerTestNg" name="runScenario" time="18.413"/>
  <testcase classname="com.runner.RunnerTestNg" name="runScenario" time="56.634"/>
  <testcase classname="com.runner.RunnerTestNg" name="runScenario" time="41.128"/>
  <testcase classname="com.runner.RunnerTestNg" name="runScenario" time="108.894"/>
  <testcase classname="com.runner.RunnerTestNg" name="runScenario" time="20.598"/>
  <testcase classname="com.runner.RunnerTestNg" name="runScenario" time="27.554"/>
  <testcase classname="com.runner.RunnerTestNg" name="runScenario" time="35.505"/>
  <testcase classname="com.runner.RunnerTestNg" name="runScenario" time="54.194"/>
  <testcase classname="com.runner.RunnerTestNg" name="runScenario" time="68.031"/>
  <testcase classname="com.runner.RunnerTestNg" name="runScenario" time="36.234"/>
  <testcase classname="com.runner.RunnerTestNg" name="runScenario" time="51.240"/>
  <testcase classname="com.runner.RunnerTestNg" name="runScenario" time="30.568"/>
  <testcase classname="com.runner.RunnerTestNg" name="runScenario" time="27.224"/>
  <testcase classname="com.runner.RunnerTestNg" name="runScenario" time="68.729"/>
  <testcase classname="com.runner.RunnerTestNg" name="runScenario" time="47.874"/>
  <testcase classname="com.runner.RunnerTestNg" name="runScenario" time="34.582"/>
  <testcase classname="com.runner.RunnerTestNg" name="runScenario" time="54.356"/>
  <testcase classname="com.runner.RunnerTestNg" name="runScenario" time="37.152"/>
  <testcase classname="com.runner.RunnerTestNg" name="runScenario" time="34.014"/>
  <testcase classname="com.runner.RunnerTestNg" name="runScenario" time="59.114"/>
  <testcase classname="com.runner.RunnerTestNg" name="runScenario" time="34.145"/>
  <testcase classname="com.runner.RunnerTestNg" name="runScenario" time="76.967"/>
  <testcase classname="com.runner.RunnerTestNg" name="runScenario" time="101.758"/>
  <testcase classname="com.runner.RunnerTestNg" name="runScenario" time="20.876"/>
  <testcase classname="com.runner.RunnerTestNg" name="runScenario" time="123.903"/>
  <testcase classname="com.runner.RunnerTestNg" name="runScenario" time="57.152"/>
  <testcase classname="com.runner.RunnerTestNg" name="runScenario" time="40.008"/>
  <testcase classname="com.runner.RunnerTestNg" name="runScenario" time="36.325"/>
  <testcase classname="com.runner.RunnerTestNg" name="runScenario" time="46.235"/>
  <testcase classname="com.runner.RunnerTestNg" name="runScenario" time="60.556"/>
  <testcase classname="com.runner.RunnerTestNg" name="runScenario" time="32.968"/>
  <testcase classname="com.runner.RunnerTestNg" name="runScenario" time="34.652"/>
  <testcase classname="com.runner.RunnerTestNg" name="runScenario" time="35.807"/>
  <testcase classname="com.runner.RunnerTestNg" name="runScenario" time="29.843"/>
  <testcase classname="com.runner.RunnerTestNg" name="runScenario" time="24.214"/>
  <testcase classname="com.runner.RunnerTestNg" name="runScenario" time="18.632"/>
  <testcase classname="com.runner.RunnerTestNg" name="runScenario" time="138.045"/>
  <testcase classname="com.runner.RunnerTestNg" name="runScenario" time="24.178"/>
  <testcase classname="com.runner.RunnerTestNg" name="runScenario" time="33.479"/>
  <testcase classname="com.runner.RunnerTestNg" name="runScenario" time="35.726"/>
  <testcase classname="com.runner.RunnerTestNg" name="runScenario" time="19.671"/>
  <testcase classname="com.runner.RunnerTestNg" name="runScenario" time="40.984"/>
  <testcase classname="com.runner.RunnerTestNg" name="runScenario" time="77.439"/>
  <testcase classname="com.runner.RunnerTestNg" name="runScenario" time="107.170"/>
  <testcase classname="com.runner.RunnerTestNg" name="runScenario" time="37.568"/>
  <testcase classname="com.runner.RunnerTestNg" name="runScenario" time="106.039"/>
  <testcase classname="com.runner.RunnerTestNg" name="runScenario" time="23.330"/>
</testsuite> <!-- com.runner.RunnerTestNg -->
