<?xml version="1.0" encoding="UTF-8"?>
<!-- Generated by org.testng.reporters.JUnitReportReporter -->
<testsuite hostname="Saranya" failures="0" tests="44" name="com.runner.RunnerTestNg" time="1068.355" errors="0" timestamp="2025-04-16T19:36:30 IST" skipped="0">
  <testcase classname="com.runner.RunnerTestNg" name="runScenario" time="13.104"/>
  <testcase classname="com.runner.RunnerTestNg" name="runScenario" time="11.231"/>
  <testcase classname="com.runner.RunnerTestNg" name="runScenario" time="11.774"/>
  <testcase classname="com.runner.RunnerTestNg" name="runScenario" time="22.289"/>
  <testcase classname="com.runner.RunnerTestNg" name="runScenario" time="51.025"/>
  <testcase classname="com.runner.RunnerTestNg" name="runScenario" time="21.135"/>
  <testcase classname="com.runner.RunnerTestNg" name="runScenario" time="60.891"/>
  <testcase classname="com.runner.RunnerTestNg" name="runScenario" time="31.161"/>
  <testcase classname="com.runner.RunnerTestNg" name="runScenario" time="56.617"/>
  <testcase classname="com.runner.RunnerTestNg" name="runScenario" time="31.088"/>
  <testcase classname="com.runner.RunnerTestNg" name="runScenario" time="23.297"/>
  <testcase classname="com.runner.RunnerTestNg" name="runScenario" time="17.861"/>
  <testcase classname="com.runner.RunnerTestNg" name="runScenario" time="11.753"/>
  <testcase classname="com.runner.RunnerTestNg" name="runScenario" time="14.691"/>
  <testcase classname="com.runner.RunnerTestNg" name="runScenario" time="18.072"/>
  <testcase classname="com.runner.RunnerTestNg" name="runScenario" time="41.136"/>
  <testcase classname="com.runner.RunnerTestNg" name="runScenario" time="56.473"/>
  <testcase classname="com.runner.RunnerTestNg" name="runScenario" time="41.728"/>
  <testcase classname="com.runner.RunnerTestNg" name="runScenario" time="38.501"/>
  <testcase classname="com.runner.RunnerTestNg" name="runScenario" time="20.584"/>
  <testcase classname="com.runner.RunnerTestNg" name="runScenario" time="13.590"/>
  <testcase classname="com.runner.RunnerTestNg" name="runScenario" time="16.598"/>
  <testcase classname="com.runner.RunnerTestNg" name="runScenario" time="14.359"/>
  <testcase classname="com.runner.RunnerTestNg" name="runScenario" time="11.763"/>
  <testcase classname="com.runner.RunnerTestNg" name="runScenario" time="10.618"/>
  <testcase classname="com.runner.RunnerTestNg" name="runScenario" time="8.889"/>
  <testcase classname="com.runner.RunnerTestNg" name="runScenario" time="19.767"/>
  <testcase classname="com.runner.RunnerTestNg" name="runScenario" time="20.650"/>
  <testcase classname="com.runner.RunnerTestNg" name="runScenario" time="18.228"/>
  <testcase classname="com.runner.RunnerTestNg" name="runScenario" time="62.512"/>
  <testcase classname="com.runner.RunnerTestNg" name="runScenario" time="16.904"/>
  <testcase classname="com.runner.RunnerTestNg" name="runScenario" time="11.204"/>
  <testcase classname="com.runner.RunnerTestNg" name="runScenario" time="18.041"/>
  <testcase classname="com.runner.RunnerTestNg" name="runScenario" time="11.782"/>
  <testcase classname="com.runner.RunnerTestNg" name="runScenario" time="33.882"/>
  <testcase classname="com.runner.RunnerTestNg" name="runScenario" time="18.572"/>
  <testcase classname="com.runner.RunnerTestNg" name="runScenario" time="42.356"/>
  <testcase classname="com.runner.RunnerTestNg" name="runScenario" time="12.412"/>
  <testcase classname="com.runner.RunnerTestNg" name="runScenario" time="34.850"/>
  <testcase classname="com.runner.RunnerTestNg" name="runScenario" time="16.575"/>
  <testcase classname="com.runner.RunnerTestNg" name="runScenario" time="13.507"/>
  <testcase classname="com.runner.RunnerTestNg" name="runScenario" time="13.535"/>
  <testcase classname="com.runner.RunnerTestNg" name="runScenario" time="17.909"/>
  <testcase classname="com.runner.RunnerTestNg" name="runScenario" time="15.441"/>
</testsuite> <!-- com.runner.RunnerTestNg -->
