<?xml version="1.0" encoding="UTF-8"?>
<!-- Generated by org.testng.reporters.JUnitReportReporter -->
<testsuite hostname="LAPTOP-LEC46EMO" failures="0" tests="41" name="com.runner.RunnerTestNg" time="2261.140" errors="0" timestamp="2025-04-16T22:33:55 IST" skipped="0">
  <testcase classname="com.runner.RunnerTestNg" name="runScenario" time="38.705"/>
  <testcase classname="com.runner.RunnerTestNg" name="runScenario" time="22.331"/>
  <testcase classname="com.runner.RunnerTestNg" name="runScenario" time="95.119"/>
  <testcase classname="com.runner.RunnerTestNg" name="runScenario" time="26.041"/>
  <testcase classname="com.runner.RunnerTestNg" name="runScenario" time="35.111"/>
  <testcase classname="com.runner.RunnerTestNg" name="runScenario" time="28.398"/>
  <testcase classname="com.runner.RunnerTestNg" name="runScenario" time="69.823"/>
  <testcase classname="com.runner.RunnerTestNg" name="runScenario" time="45.777"/>
  <testcase classname="com.runner.RunnerTestNg" name="runScenario" time="55.036"/>
  <testcase classname="com.runner.RunnerTestNg" name="runScenario" time="73.901"/>
  <testcase classname="com.runner.RunnerTestNg" name="runScenario" time="71.310"/>
  <testcase classname="com.runner.RunnerTestNg" name="runScenario" time="105.239"/>
  <testcase classname="com.runner.RunnerTestNg" name="runScenario" time="69.904"/>
  <testcase classname="com.runner.RunnerTestNg" name="runScenario" time="23.368"/>
  <testcase classname="com.runner.RunnerTestNg" name="runScenario" time="23.793"/>
  <testcase classname="com.runner.RunnerTestNg" name="runScenario" time="27.742"/>
  <testcase classname="com.runner.RunnerTestNg" name="runScenario" time="39.878"/>
  <testcase classname="com.runner.RunnerTestNg" name="runScenario" time="126.494"/>
  <testcase classname="com.runner.RunnerTestNg" name="runScenario" time="28.280"/>
  <testcase classname="com.runner.RunnerTestNg" name="runScenario" time="70.581"/>
  <testcase classname="com.runner.RunnerTestNg" name="runScenario" time="35.496"/>
  <testcase classname="com.runner.RunnerTestNg" name="runScenario" time="58.247"/>
  <testcase classname="com.runner.RunnerTestNg" name="runScenario" time="68.983"/>
  <testcase classname="com.runner.RunnerTestNg" name="runScenario" time="45.610"/>
  <testcase classname="com.runner.RunnerTestNg" name="runScenario" time="136.030"/>
  <testcase classname="com.runner.RunnerTestNg" name="runScenario" time="20.289"/>
  <testcase classname="com.runner.RunnerTestNg" name="runScenario" time="38.177"/>
  <testcase classname="com.runner.RunnerTestNg" name="runScenario" time="109.721"/>
  <testcase classname="com.runner.RunnerTestNg" name="runScenario" time="69.494"/>
  <testcase classname="com.runner.RunnerTestNg" name="runScenario" time="30.609"/>
  <testcase classname="com.runner.RunnerTestNg" name="runScenario" time="34.142"/>
  <testcase classname="com.runner.RunnerTestNg" name="runScenario" time="21.655"/>
  <testcase classname="com.runner.RunnerTestNg" name="runScenario" time="65.795"/>
  <testcase classname="com.runner.RunnerTestNg" name="runScenario" time="89.867"/>
  <testcase classname="com.runner.RunnerTestNg" name="runScenario" time="28.061"/>
  <testcase classname="com.runner.RunnerTestNg" name="runScenario" time="49.543"/>
  <testcase classname="com.runner.RunnerTestNg" name="runScenario" time="69.648"/>
  <testcase classname="com.runner.RunnerTestNg" name="runScenario" time="69.952"/>
  <testcase classname="com.runner.RunnerTestNg" name="runScenario" time="37.106"/>
  <testcase classname="com.runner.RunnerTestNg" name="runScenario" time="36.901"/>
  <testcase classname="com.runner.RunnerTestNg" name="runScenario" time="68.983"/>
</testsuite> <!-- com.runner.RunnerTestNg -->
