<?xml version="1.0" encoding="UTF-8"?>
<!-- Generated by org.testng.reporters.JUnitReportReporter -->
<testsuite hostname="LAPTOP-LEC46EMO" failures="0" tests="5" name="com.runner.RunnerTestNg" time="149.612" errors="0" timestamp="2025-04-17T10:54:11 IST" skipped="0">
  <testcase classname="com.runner.RunnerTestNg" name="runScenario" time="30.591"/>
  <testcase classname="com.runner.RunnerTestNg" name="runScenario" time="28.038"/>
  <testcase classname="com.runner.RunnerTestNg" name="runScenario" time="27.641"/>
  <testcase classname="com.runner.RunnerTestNg" name="runScenario" time="32.118"/>
  <testcase classname="com.runner.RunnerTestNg" name="runScenario" time="31.224"/>
</testsuite> <!-- com.runner.RunnerTestNg -->
