<?xml version="1.0" encoding="UTF-8"?>
<!-- Generated by org.testng.reporters.JUnitReportReporter -->
<testsuite hostname="LAPTOP-LEC46EMO" failures="0" tests="18" name="com.runner.RunnerTestNg" time="1200.174" errors="0" timestamp="2025-04-28T09:45:22 IST" skipped="0">
  <testcase classname="com.runner.RunnerTestNg" name="runScenario" time="37.716"/>
  <testcase classname="com.runner.RunnerTestNg" name="runScenario" time="79.893"/>
  <testcase classname="com.runner.RunnerTestNg" name="runScenario" time="78.870"/>
  <testcase classname="com.runner.RunnerTestNg" name="runScenario" time="117.383"/>
  <testcase classname="com.runner.RunnerTestNg" name="runScenario" time="37.399"/>
  <testcase classname="com.runner.RunnerTestNg" name="runScenario" time="118.347"/>
  <testcase classname="com.runner.RunnerTestNg" name="runScenario" time="39.626"/>
  <testcase classname="com.runner.RunnerTestNg" name="runScenario" time="38.005"/>
  <testcase classname="com.runner.RunnerTestNg" name="runScenario" time="80.466"/>
  <testcase classname="com.runner.RunnerTestNg" name="runScenario" time="31.245"/>
  <testcase classname="com.runner.RunnerTestNg" name="runScenario" time="80.579"/>
  <testcase classname="com.runner.RunnerTestNg" name="runScenario" time="36.588"/>
  <testcase classname="com.runner.RunnerTestNg" name="runScenario" time="88.474"/>
  <testcase classname="com.runner.RunnerTestNg" name="runScenario" time="49.143"/>
  <testcase classname="com.runner.RunnerTestNg" name="runScenario" time="37.955"/>
  <testcase classname="com.runner.RunnerTestNg" name="runScenario" time="88.474"/>
  <testcase classname="com.runner.RunnerTestNg" name="runScenario" time="80.346"/>
  <testcase classname="com.runner.RunnerTestNg" name="runScenario" time="79.665"/>
</testsuite> <!-- com.runner.RunnerTestNg -->
