<?xml version="1.0" encoding="UTF-8"?>
<!-- Generated by org.testng.reporters.JUnitReportReporter -->
<testsuite hostname="Saranya" failures="0" tests="23" name="com.runner.RunnerTestNg" time="338.892" errors="0" timestamp="2025-04-14T19:16:01 IST" skipped="0">
  <testcase classname="com.runner.RunnerTestNg" name="runScenario" time="11.313"/>
  <testcase classname="com.runner.RunnerTestNg" name="runScenario" time="16.244"/>
  <testcase classname="com.runner.RunnerTestNg" name="runScenario" time="9.887"/>
  <testcase classname="com.runner.RunnerTestNg" name="runScenario" time="9.808"/>
  <testcase classname="com.runner.RunnerTestNg" name="runScenario" time="9.214"/>
  <testcase classname="com.runner.RunnerTestNg" name="runScenario" time="16.002"/>
  <testcase classname="com.runner.RunnerTestNg" name="runScenario" time="44.126"/>
  <testcase classname="com.runner.RunnerTestNg" name="runScenario" time="11.693"/>
  <testcase classname="com.runner.RunnerTestNg" name="runScenario" time="9.670"/>
  <testcase classname="com.runner.RunnerTestNg" name="runScenario" time="10.291"/>
  <testcase classname="com.runner.RunnerTestNg" name="runScenario" time="10.534"/>
  <testcase classname="com.runner.RunnerTestNg" name="runScenario" time="11.226"/>
  <testcase classname="com.runner.RunnerTestNg" name="runScenario" time="12.184"/>
  <testcase classname="com.runner.RunnerTestNg" name="runScenario" time="9.298"/>
  <testcase classname="com.runner.RunnerTestNg" name="runScenario" time="11.120"/>
  <testcase classname="com.runner.RunnerTestNg" name="runScenario" time="8.897"/>
  <testcase classname="com.runner.RunnerTestNg" name="runScenario" time="16.681"/>
  <testcase classname="com.runner.RunnerTestNg" name="runScenario" time="20.233"/>
  <testcase classname="com.runner.RunnerTestNg" name="runScenario" time="16.898"/>
  <testcase classname="com.runner.RunnerTestNg" name="runScenario" time="20.548"/>
  <testcase classname="com.runner.RunnerTestNg" name="runScenario" time="16.470"/>
  <testcase classname="com.runner.RunnerTestNg" name="runScenario" time="20.873"/>
  <testcase classname="com.runner.RunnerTestNg" name="runScenario" time="15.682"/>
</testsuite> <!-- com.runner.RunnerTestNg -->
