<?xml version="1.0" encoding="UTF-8"?>
<!-- Generated by org.testng.reporters.JUnitReportReporter -->
<testsuite hostname="DESKTOP-IF37F16" failures="0" tests="18" name="com.runner.RunnerTestNg" time="1012.500" errors="0" timestamp="2025-04-24T11:51:56 IST" skipped="0">
  <testcase classname="com.runner.RunnerTestNg" name="runScenario" time="97.544"/>
  <testcase classname="com.runner.RunnerTestNg" name="runScenario" time="53.398"/>
  <testcase classname="com.runner.RunnerTestNg" name="runScenario" time="101.401"/>
  <testcase classname="com.runner.RunnerTestNg" name="runScenario" time="56.441"/>
  <testcase classname="com.runner.RunnerTestNg" name="runScenario" time="38.583"/>
  <testcase classname="com.runner.RunnerTestNg" name="runScenario" time="73.140"/>
  <testcase classname="com.runner.RunnerTestNg" name="runScenario" time="28.048"/>
  <testcase classname="com.runner.RunnerTestNg" name="runScenario" time="73.146"/>
  <testcase classname="com.runner.RunnerTestNg" name="runScenario" time="51.750"/>
  <testcase classname="com.runner.RunnerTestNg" name="runScenario" time="49.867"/>
  <testcase classname="com.runner.RunnerTestNg" name="runScenario" time="62.176"/>
  <testcase classname="com.runner.RunnerTestNg" name="runScenario" time="29.739"/>
  <testcase classname="com.runner.RunnerTestNg" name="runScenario" time="49.722"/>
  <testcase classname="com.runner.RunnerTestNg" name="runScenario" time="56.396"/>
  <testcase classname="com.runner.RunnerTestNg" name="runScenario" time="51.377"/>
  <testcase classname="com.runner.RunnerTestNg" name="runScenario" time="46.706"/>
  <testcase classname="com.runner.RunnerTestNg" name="runScenario" time="47.813"/>
  <testcase classname="com.runner.RunnerTestNg" name="runScenario" time="45.253"/>
</testsuite> <!-- com.runner.RunnerTestNg -->
