<?xml version="1.0" encoding="UTF-8"?>
<!-- Generated by org.testng.reporters.JUnitReportReporter -->
<testsuite hostname="DESKTOP-IF37F16" failures="0" tests="15" name="com.runner.RunnerTestNg" time="1327.134" errors="0" timestamp="2025-04-13T16:33:35 IST" skipped="0">
  <testcase classname="com.runner.RunnerTestNg" name="runScenario" time="45.184"/>
  <testcase classname="com.runner.RunnerTestNg" name="runScenario" time="137.407"/>
  <testcase classname="com.runner.RunnerTestNg" name="runScenario" time="96.994"/>
  <testcase classname="com.runner.RunnerTestNg" name="runScenario" time="120.502"/>
  <testcase classname="com.runner.RunnerTestNg" name="runScenario" time="137.223"/>
  <testcase classname="com.runner.RunnerTestNg" name="runScenario" time="39.871"/>
  <testcase classname="com.runner.RunnerTestNg" name="runScenario" time="91.843"/>
  <testcase classname="com.runner.RunnerTestNg" name="runScenario" time="97.058"/>
  <testcase classname="com.runner.RunnerTestNg" name="runScenario" time="80.137"/>
  <testcase classname="com.runner.RunnerTestNg" name="runScenario" time="95.060"/>
  <testcase classname="com.runner.RunnerTestNg" name="runScenario" time="137.329"/>
  <testcase classname="com.runner.RunnerTestNg" name="runScenario" time="39.654"/>
  <testcase classname="com.runner.RunnerTestNg" name="runScenario" time="55.864"/>
  <testcase classname="com.runner.RunnerTestNg" name="runScenario" time="111.944"/>
  <testcase classname="com.runner.RunnerTestNg" name="runScenario" time="41.064"/>
</testsuite> <!-- com.runner.RunnerTestNg -->
