<?xml version="1.0" encoding="UTF-8"?>
<!-- Generated by org.testng.reporters.JUnitReportReporter -->
<testsuite hostname="LAPTOP-LEC46EMO" failures="0" tests="19" name="com.runner.RunnerTestNg" time="1002.055" errors="0" timestamp="2025-04-29T08:03:02 IST" skipped="0">
  <testcase classname="com.runner.RunnerTestNg" name="runScenario" time="28.669"/>
  <testcase classname="com.runner.RunnerTestNg" name="runScenario" time="24.762"/>
  <testcase classname="com.runner.RunnerTestNg" name="runScenario" time="35.829"/>
  <testcase classname="com.runner.RunnerTestNg" name="runScenario" time="27.084"/>
  <testcase classname="com.runner.RunnerTestNg" name="runScenario" time="84.024"/>
  <testcase classname="com.runner.RunnerTestNg" name="runScenario" time="27.357"/>
  <testcase classname="com.runner.RunnerTestNg" name="runScenario" time="58.148"/>
  <testcase classname="com.runner.RunnerTestNg" name="runScenario" time="40.541"/>
  <testcase classname="com.runner.RunnerTestNg" name="runScenario" time="69.529"/>
  <testcase classname="com.runner.RunnerTestNg" name="runScenario" time="13.837"/>
  <testcase classname="com.runner.RunnerTestNg" name="runScenario" time="72.116"/>
  <testcase classname="com.runner.RunnerTestNg" name="runScenario" time="70.512"/>
  <testcase classname="com.runner.RunnerTestNg" name="runScenario" time="97.695"/>
  <testcase classname="com.runner.RunnerTestNg" name="runScenario" time="62.134"/>
  <testcase classname="com.runner.RunnerTestNg" name="runScenario" time="74.735"/>
  <testcase classname="com.runner.RunnerTestNg" name="runScenario" time="99.018"/>
  <testcase classname="com.runner.RunnerTestNg" name="runScenario" time="17.043"/>
  <testcase classname="com.runner.RunnerTestNg" name="runScenario" time="71.788"/>
  <testcase classname="com.runner.RunnerTestNg" name="runScenario" time="27.234"/>
</testsuite> <!-- com.runner.RunnerTestNg -->
