<?xml version="1.0" encoding="UTF-8"?>
<!-- Generated by org.testng.reporters.JUnitReportReporter -->
<testsuite hostname="LAPTOP-LEC46EMO" failures="0" tests="51" name="com.runner.RunnerTestNg" time="2333.305" errors="0" timestamp="2025-04-24T16:26:13 IST" skipped="0">
  <testcase classname="com.runner.RunnerTestNg" name="runScenario" time="58.941"/>
  <testcase classname="com.runner.RunnerTestNg" name="runScenario" time="45.034"/>
  <testcase classname="com.runner.RunnerTestNg" name="runScenario" time="29.586"/>
  <testcase classname="com.runner.RunnerTestNg" name="runScenario" time="90.639"/>
  <testcase classname="com.runner.RunnerTestNg" name="runScenario" time="29.251"/>
  <testcase classname="com.runner.RunnerTestNg" name="runScenario" time="23.769"/>
  <testcase classname="com.runner.RunnerTestNg" name="runScenario" time="82.452"/>
  <testcase classname="com.runner.RunnerTestNg" name="runScenario" time="21.101"/>
  <testcase classname="com.runner.RunnerTestNg" name="runScenario" time="67.318"/>
  <testcase classname="com.runner.RunnerTestNg" name="runScenario" time="60.846"/>
  <testcase classname="com.runner.RunnerTestNg" name="runScenario" time="20.697"/>
  <testcase classname="com.runner.RunnerTestNg" name="runScenario" time="40.500"/>
  <testcase classname="com.runner.RunnerTestNg" name="runScenario" time="58.397"/>
  <testcase classname="com.runner.RunnerTestNg" name="runScenario" time="28.042"/>
  <testcase classname="com.runner.RunnerTestNg" name="runScenario" time="31.887"/>
  <testcase classname="com.runner.RunnerTestNg" name="runScenario" time="31.668"/>
  <testcase classname="com.runner.RunnerTestNg" name="runScenario" time="28.860"/>
  <testcase classname="com.runner.RunnerTestNg" name="runScenario" time="29.715"/>
  <testcase classname="com.runner.RunnerTestNg" name="runScenario" time="31.301"/>
  <testcase classname="com.runner.RunnerTestNg" name="runScenario" time="45.011"/>
  <testcase classname="com.runner.RunnerTestNg" name="runScenario" time="32.471"/>
  <testcase classname="com.runner.RunnerTestNg" name="runScenario" time="31.836"/>
  <testcase classname="com.runner.RunnerTestNg" name="runScenario" time="90.561"/>
  <testcase classname="com.runner.RunnerTestNg" name="runScenario" time="94.584"/>
  <testcase classname="com.runner.RunnerTestNg" name="runScenario" time="30.308"/>
  <testcase classname="com.runner.RunnerTestNg" name="runScenario" time="41.298"/>
  <testcase classname="com.runner.RunnerTestNg" name="runScenario" time="106.871"/>
  <testcase classname="com.runner.RunnerTestNg" name="runScenario" time="37.391"/>
  <testcase classname="com.runner.RunnerTestNg" name="runScenario" time="20.590"/>
  <testcase classname="com.runner.RunnerTestNg" name="runScenario" time="66.383"/>
  <testcase classname="com.runner.RunnerTestNg" name="runScenario" time="28.402"/>
  <testcase classname="com.runner.RunnerTestNg" name="runScenario" time="94.255"/>
  <testcase classname="com.runner.RunnerTestNg" name="runScenario" time="31.129"/>
  <testcase classname="com.runner.RunnerTestNg" name="runScenario" time="30.314"/>
  <testcase classname="com.runner.RunnerTestNg" name="runScenario" time="31.504"/>
  <testcase classname="com.runner.RunnerTestNg" name="runScenario" time="17.039"/>
  <testcase classname="com.runner.RunnerTestNg" name="runScenario" time="60.475"/>
  <testcase classname="com.runner.RunnerTestNg" name="runScenario" time="29.091"/>
  <testcase classname="com.runner.RunnerTestNg" name="runScenario" time="65.699"/>
  <testcase classname="com.runner.RunnerTestNg" name="runScenario" time="20.670"/>
  <testcase classname="com.runner.RunnerTestNg" name="runScenario" time="21.210"/>
  <testcase classname="com.runner.RunnerTestNg" name="runScenario" time="37.447"/>
  <testcase classname="com.runner.RunnerTestNg" name="runScenario" time="100.958"/>
  <testcase classname="com.runner.RunnerTestNg" name="runScenario" time="29.459"/>
  <testcase classname="com.runner.RunnerTestNg" name="runScenario" time="48.713"/>
  <testcase classname="com.runner.RunnerTestNg" name="runScenario" time="67.216"/>
  <testcase classname="com.runner.RunnerTestNg" name="runScenario" time="59.916"/>
  <testcase classname="com.runner.RunnerTestNg" name="runScenario" time="29.194"/>
  <testcase classname="com.runner.RunnerTestNg" name="runScenario" time="49.194"/>
  <testcase classname="com.runner.RunnerTestNg" name="runScenario" time="14.783"/>
  <testcase classname="com.runner.RunnerTestNg" name="runScenario" time="59.329"/>
</testsuite> <!-- com.runner.RunnerTestNg -->
