<?xml version="1.0" encoding="UTF-8"?>
<!-- Generated by org.testng.reporters.JUnitReportReporter -->
<testsuite hostname="LAPTOP-LEC46EMO" failures="0" tests="3" name="com.runner.RunnerTestNg" time="63.908" errors="0" timestamp="2025-05-06T20:11:47 IST" skipped="0">
  <testcase classname="com.runner.RunnerTestNg" name="runScenario" time="21.912"/>
  <testcase classname="com.runner.RunnerTestNg" name="runScenario" time="21.213"/>
  <testcase classname="com.runner.RunnerTestNg" name="runScenario" time="20.783"/>
</testsuite> <!-- com.runner.RunnerTestNg -->
