<?xml version="1.0" encoding="UTF-8"?>
<!-- Generated by org.testng.reporters.JUnitReportReporter -->
<testsuite hostname="LAPTOP-LEC46EMO" failures="0" tests="6" name="com.runner.RunnerTestNg" time="767.459" errors="0" timestamp="2025-04-22T09:50:35 IST" skipped="0">
  <testcase classname="com.runner.RunnerTestNg" name="runScenario" time="125.121"/>
  <testcase classname="com.runner.RunnerTestNg" name="runScenario" time="135.948"/>
  <testcase classname="com.runner.RunnerTestNg" name="runScenario" time="125.028"/>
  <testcase classname="com.runner.RunnerTestNg" name="runScenario" time="125.797"/>
  <testcase classname="com.runner.RunnerTestNg" name="runScenario" time="125.408"/>
  <testcase classname="com.runner.RunnerTestNg" name="runScenario" time="130.157"/>
</testsuite> <!-- com.runner.RunnerTestNg -->
