<?xml version="1.0" encoding="UTF-8"?>
<!-- Generated by org.testng.reporters.JUnitReportReporter -->
<testsuite hostname="LAPTOP-LEC46EMO" failures="0" tests="19" name="com.runner.RunnerTestNg" time="828.781" errors="0" timestamp="2025-04-29T07:15:05 IST" skipped="0">
  <testcase classname="com.runner.RunnerTestNg" name="runScenario" time="52.011"/>
  <testcase classname="com.runner.RunnerTestNg" name="runScenario" time="11.418"/>
  <testcase classname="com.runner.RunnerTestNg" name="runScenario" time="52.358"/>
  <testcase classname="com.runner.RunnerTestNg" name="runScenario" time="52.920"/>
  <testcase classname="com.runner.RunnerTestNg" name="runScenario" time="53.474"/>
  <testcase classname="com.runner.RunnerTestNg" name="runScenario" time="28.667"/>
  <testcase classname="com.runner.RunnerTestNg" name="runScenario" time="52.407"/>
  <testcase classname="com.runner.RunnerTestNg" name="runScenario" time="29.724"/>
  <testcase classname="com.runner.RunnerTestNg" name="runScenario" time="28.668"/>
  <testcase classname="com.runner.RunnerTestNg" name="runScenario" time="29.436"/>
  <testcase classname="com.runner.RunnerTestNg" name="runScenario" time="30.522"/>
  <testcase classname="com.runner.RunnerTestNg" name="runScenario" time="51.614"/>
  <testcase classname="com.runner.RunnerTestNg" name="runScenario" time="55.440"/>
  <testcase classname="com.runner.RunnerTestNg" name="runScenario" time="51.540"/>
  <testcase classname="com.runner.RunnerTestNg" name="runScenario" time="25.252"/>
  <testcase classname="com.runner.RunnerTestNg" name="runScenario" time="82.510"/>
  <testcase classname="com.runner.RunnerTestNg" name="runScenario" time="29.459"/>
  <testcase classname="com.runner.RunnerTestNg" name="runScenario" time="82.146"/>
  <testcase classname="com.runner.RunnerTestNg" name="runScenario" time="29.215"/>
</testsuite> <!-- com.runner.RunnerTestNg -->
