<?xml version="1.0" encoding="UTF-8"?>
<!-- Generated by org.testng.reporters.JUnitReportReporter -->
<testsuite hostname="DESKTOP-IF37F16" failures="0" tests="18" name="com.runner.RunnerTestNg" time="1193.406" errors="0" timestamp="2025-04-24T12:20:11 IST" skipped="0">
  <testcase classname="com.runner.RunnerTestNg" name="runScenario" time="42.051"/>
  <testcase classname="com.runner.RunnerTestNg" name="runScenario" time="117.255"/>
  <testcase classname="com.runner.RunnerTestNg" name="runScenario" time="81.446"/>
  <testcase classname="com.runner.RunnerTestNg" name="runScenario" time="19.392"/>
  <testcase classname="com.runner.RunnerTestNg" name="runScenario" time="35.712"/>
  <testcase classname="com.runner.RunnerTestNg" name="runScenario" time="75.731"/>
  <testcase classname="com.runner.RunnerTestNg" name="runScenario" time="117.101"/>
  <testcase classname="com.runner.RunnerTestNg" name="runScenario" time="23.995"/>
  <testcase classname="com.runner.RunnerTestNg" name="runScenario" time="75.614"/>
  <testcase classname="com.runner.RunnerTestNg" name="runScenario" time="75.780"/>
  <testcase classname="com.runner.RunnerTestNg" name="runScenario" time="36.817"/>
  <testcase classname="com.runner.RunnerTestNg" name="runScenario" time="23.196"/>
  <testcase classname="com.runner.RunnerTestNg" name="runScenario" time="94.008"/>
  <testcase classname="com.runner.RunnerTestNg" name="runScenario" time="95.313"/>
  <testcase classname="com.runner.RunnerTestNg" name="runScenario" time="101.167"/>
  <testcase classname="com.runner.RunnerTestNg" name="runScenario" time="116.950"/>
  <testcase classname="com.runner.RunnerTestNg" name="runScenario" time="38.519"/>
  <testcase classname="com.runner.RunnerTestNg" name="runScenario" time="23.359"/>
</testsuite> <!-- com.runner.RunnerTestNg -->
