<?xml version="1.0" encoding="UTF-8"?>
<!-- Generated by org.testng.reporters.JUnitReportReporter -->
<testsuite hostname="LAPTOP-LEC46EMO" failures="0" tests="26" name="com.runner.RunnerTestNg" time="1063.764" errors="0" timestamp="2025-05-08T09:24:08 IST" skipped="0">
  <testcase classname="com.runner.RunnerTestNg" name="runScenario" time="51.045"/>
  <testcase classname="com.runner.RunnerTestNg" name="runScenario" time="48.917"/>
  <testcase classname="com.runner.RunnerTestNg" name="runScenario" time="86.839"/>
  <testcase classname="com.runner.RunnerTestNg" name="runScenario" time="17.384"/>
  <testcase classname="com.runner.RunnerTestNg" name="runScenario" time="28.334"/>
  <testcase classname="com.runner.RunnerTestNg" name="runScenario" time="19.955"/>
  <testcase classname="com.runner.RunnerTestNg" name="runScenario" time="53.201"/>
  <testcase classname="com.runner.RunnerTestNg" name="runScenario" time="14.212"/>
  <testcase classname="com.runner.RunnerTestNg" name="runScenario" time="18.454"/>
  <testcase classname="com.runner.RunnerTestNg" name="runScenario" time="85.554"/>
  <testcase classname="com.runner.RunnerTestNg" name="runScenario" time="19.320"/>
  <testcase classname="com.runner.RunnerTestNg" name="runScenario" time="32.922"/>
  <testcase classname="com.runner.RunnerTestNg" name="runScenario" time="32.420"/>
  <testcase classname="com.runner.RunnerTestNg" name="runScenario" time="34.241"/>
  <testcase classname="com.runner.RunnerTestNg" name="runScenario" time="47.392"/>
  <testcase classname="com.runner.RunnerTestNg" name="runScenario" time="28.144"/>
  <testcase classname="com.runner.RunnerTestNg" name="runScenario" time="35.163"/>
  <testcase classname="com.runner.RunnerTestNg" name="runScenario" time="49.120"/>
  <testcase classname="com.runner.RunnerTestNg" name="runScenario" time="51.625"/>
  <testcase classname="com.runner.RunnerTestNg" name="runScenario" time="54.002"/>
  <testcase classname="com.runner.RunnerTestNg" name="runScenario" time="52.100"/>
  <testcase classname="com.runner.RunnerTestNg" name="runScenario" time="17.788"/>
  <testcase classname="com.runner.RunnerTestNg" name="runScenario" time="51.848"/>
  <testcase classname="com.runner.RunnerTestNg" name="runScenario" time="21.460"/>
  <testcase classname="com.runner.RunnerTestNg" name="runScenario" time="59.697"/>
  <testcase classname="com.runner.RunnerTestNg" name="runScenario" time="52.627"/>
</testsuite> <!-- com.runner.RunnerTestNg -->
