<?xml version="1.0" encoding="UTF-8"?>
<!-- Generated by org.testng.reporters.JUnitReportReporter -->
<testsuite hostname="Saranya" failures="0" tests="22" name="com.runner.RunnerTestNg" time="1213.260" errors="0" timestamp="2025-05-07T14:19:46 IST" skipped="0">
  <testcase classname="com.runner.RunnerTestNg" name="runScenario" time="107.771"/>
  <testcase classname="com.runner.RunnerTestNg" name="runScenario" time="110.884"/>
  <testcase classname="com.runner.RunnerTestNg" name="runScenario" time="122.390"/>
  <testcase classname="com.runner.RunnerTestNg" name="runScenario" time="67.496"/>
  <testcase classname="com.runner.RunnerTestNg" name="runScenario" time="31.218"/>
  <testcase classname="com.runner.RunnerTestNg" name="runScenario" time="35.045"/>
  <testcase classname="com.runner.RunnerTestNg" name="runScenario" time="26.641"/>
  <testcase classname="com.runner.RunnerTestNg" name="runScenario" time="24.472"/>
  <testcase classname="com.runner.RunnerTestNg" name="runScenario" time="23.240"/>
  <testcase classname="com.runner.RunnerTestNg" name="runScenario" time="40.442"/>
  <testcase classname="com.runner.RunnerTestNg" name="runScenario" time="38.711"/>
  <testcase classname="com.runner.RunnerTestNg" name="runScenario" time="33.138"/>
  <testcase classname="com.runner.RunnerTestNg" name="runScenario" time="85.178"/>
  <testcase classname="com.runner.RunnerTestNg" name="runScenario" time="24.313"/>
  <testcase classname="com.runner.RunnerTestNg" name="runScenario" time="24.575"/>
  <testcase classname="com.runner.RunnerTestNg" name="runScenario" time="31.345"/>
  <testcase classname="com.runner.RunnerTestNg" name="runScenario" time="69.187"/>
  <testcase classname="com.runner.RunnerTestNg" name="runScenario" time="39.139"/>
  <testcase classname="com.runner.RunnerTestNg" name="runScenario" time="43.930"/>
  <testcase classname="com.runner.RunnerTestNg" name="runScenario" time="96.134"/>
  <testcase classname="com.runner.RunnerTestNg" name="runScenario" time="114.001"/>
  <testcase classname="com.runner.RunnerTestNg" name="runScenario" time="24.010"/>
</testsuite> <!-- com.runner.RunnerTestNg -->
