<?xml version="1.0" encoding="UTF-8"?>
<!-- Generated by org.testng.reporters.JUnitReportReporter -->
<testsuite hostname="LAPTOP-LEC46EMO" failures="0" tests="1" name="com.runner.RunnerTestNg" time="33.242" errors="0" timestamp="2025-05-07T20:06:54 IST" skipped="0">
  <testcase classname="com.runner.RunnerTestNg" name="runScenario" time="33.242"/>
</testsuite> <!-- com.runner.RunnerTestNg -->
