<?xml version="1.0" encoding="UTF-8"?>
<!-- Generated by org.testng.reporters.JUnitReportReporter -->
<testsuite hostname="LAPTOP-LEC46EMO" failures="0" tests="17" name="com.runner.RunnerTestNg" time="1331.847" errors="1" timestamp="2025-04-24T15:22:30 IST" skipped="0">
  <testcase classname="com.runner.RunnerTestNg" name="runScenario" time="27.971"/>
  <testcase classname="com.runner.RunnerTestNg" name="runScenario" time="388.535">
    <error message="java.util.concurrent.TimeoutException
Build info: version: &#039;4.31.0&#039;, revision: &#039;1ef9f18787*&#039;
System info: os.name: &#039;Windows 11&#039;, os.arch: &#039;amd64&#039;, os.version: &#039;10.0&#039;, java.version: &#039;21.0.6&#039;
Driver info: org.openqa.selenium.chrome.ChromeDriver
Command: [9513fd37ceac7a2c1153f5e350f8fc77, maximizeCurrentWindow {}]
Capabilities {acceptInsecureCerts: false, browserName: chrome, browserVersion: 135.0.7049.114, chrome: {chromedriverVersion: 135.0.7049.114 (63fd8a7d9d0..., userDataDir: C:\Users\kirub\AppData\Loca...}, fedcm:accounts: true, goog:chromeOptions: {debuggerAddress: localhost:63640}, networkConnectionEnabled: false, pageLoadStrategy: normal, platformName: windows, proxy: Proxy(), se:cdp: ws://localhost:63640/devtoo..., se:cdpVersion: 135.0.7049.114, setWindowRect: true, strictFileInteractability: false, timeouts: {implicit: 0, pageLoad: 300000, script: 30000}, unhandledPromptBehavior: dismiss and notify, webauthn:extension:credBlob: true, webauthn:extension:largeBlob: true, webauthn:extension:minPinLength: true, webauthn:extension:prf: true, webauthn:virtualAuthenticators: true}
Session ID: 9513fd37ceac7a2c1153f5e350f8fc77" type="org.openqa.selenium.TimeoutException">
      <![CDATA[org.openqa.selenium.TimeoutException: java.util.concurrent.TimeoutException
Build info: version: '4.31.0', revision: '1ef9f18787*'
System info: os.name: 'Windows 11', os.arch: 'amd64', os.version: '10.0', java.version: '21.0.6'
Driver info: org.openqa.selenium.chrome.ChromeDriver
Command: [9513fd37ceac7a2c1153f5e350f8fc77, maximizeCurrentWindow {}]
Capabilities {acceptInsecureCerts: false, browserName: chrome, browserVersion: 135.0.7049.114, chrome: {chromedriverVersion: 135.0.7049.114 (63fd8a7d9d0..., userDataDir: C:\Users\kirub\AppData\Loca...}, fedcm:accounts: true, goog:chromeOptions: {debuggerAddress: localhost:63640}, networkConnectionEnabled: false, pageLoadStrategy: normal, platformName: windows, proxy: Proxy(), se:cdp: ws://localhost:63640/devtoo..., se:cdpVersion: 135.0.7049.114, setWindowRect: true, strictFileInteractability: false, timeouts: {implicit: 0, pageLoad: 300000, script: 30000}, unhandledPromptBehavior: dismiss and notify, webauthn:extension:credBlob: true, webauthn:extension:largeBlob: true, webauthn:extension:minPinLength: true, webauthn:extension:prf: true, webauthn:virtualAuthenticators: true}
Session ID: 9513fd37ceac7a2c1153f5e350f8fc77
at org.openqa.selenium.remote.http.jdk.JdkHttpClient.execute(JdkHttpClient.java:424)
at org.openqa.selenium.remote.HttpCommandExecutor.execute(HttpCommandExecutor.java:212)
at org.openqa.selenium.remote.service.DriverCommandExecutor.invokeExecute(DriverCommandExecutor.java:216)
at org.openqa.selenium.remote.service.DriverCommandExecutor.execute(DriverCommandExecutor.java:174)
at org.openqa.selenium.remote.RemoteWebDriver.execute(RemoteWebDriver.java:545)
at org.openqa.selenium.remote.RemoteWebDriver.execute(RemoteWebDriver.java:618)
at org.openqa.selenium.remote.RemoteWebDriver.execute(RemoteWebDriver.java:622)
at org.openqa.selenium.remote.RemoteWebDriver$RemoteWebDriverOptions$RemoteWindow.maximize(RemoteWebDriver.java:1067)
at com.utilities.HelperClass.<init>(HelperClass.java:49)
at com.utilities.HelperClass.setUpDriver(HelperClass.java:67)
at com.definitions.Hooks.setUp(Hooks.java:25)
Caused by: java.util.concurrent.TimeoutException
at java.base/java.util.concurrent.CompletableFuture$Timeout.run(CompletableFuture.java:2920)
at java.base/java.util.concurrent.Executors$RunnableAdapter.call(Executors.java:572)
at java.base/java.util.concurrent.FutureTask.run(FutureTask.java:317)
at java.base/java.util.concurrent.ScheduledThreadPoolExecutor$ScheduledFutureTask.run(ScheduledThreadPoolExecutor.java:304)
at java.base/java.util.concurrent.ThreadPoolExecutor.runWorker(ThreadPoolExecutor.java:1144)
at java.base/java.util.concurrent.ThreadPoolExecutor$Worker.run(ThreadPoolExecutor.java:642)
at java.base/java.lang.Thread.run(Thread.java:1583)
]]>
    </error>
  </testcase> <!-- runScenario -->
  <testcase classname="com.runner.RunnerTestNg" name="runScenario" time="79.854"/>
  <testcase classname="com.runner.RunnerTestNg" name="runScenario" time="27.696"/>
  <testcase classname="com.runner.RunnerTestNg" name="runScenario" time="79.704"/>
  <testcase classname="com.runner.RunnerTestNg" name="runScenario" time="79.126"/>
  <testcase classname="com.runner.RunnerTestNg" name="runScenario" time="81.615"/>
  <testcase classname="com.runner.RunnerTestNg" name="runScenario" time="108.598"/>
  <testcase classname="com.runner.RunnerTestNg" name="runScenario" time="78.390"/>
  <testcase classname="com.runner.RunnerTestNg" name="runScenario" time="28.855"/>
  <testcase classname="com.runner.RunnerTestNg" name="runScenario" time="28.760"/>
  <testcase classname="com.runner.RunnerTestNg" name="runScenario" time="79.388"/>
  <testcase classname="com.runner.RunnerTestNg" name="runScenario" time="78.938"/>
  <testcase classname="com.runner.RunnerTestNg" name="runScenario" time="28.442"/>
  <testcase classname="com.runner.RunnerTestNg" name="runScenario" time="79.961"/>
  <testcase classname="com.runner.RunnerTestNg" name="runScenario" time="28.160"/>
  <testcase classname="com.runner.RunnerTestNg" name="runScenario" time="27.854"/>
</testsuite> <!-- com.runner.RunnerTestNg -->
