<?xml version="1.0" encoding="UTF-8"?>
<!-- Generated by org.testng.reporters.JUnitReportReporter -->
<testsuite hostname="LAPTOP-LEC46EMO" failures="0" tests="40" name="com.runner.RunnerTestNg" time="2090.121" errors="0" timestamp="2025-04-16T12:38:29 IST" skipped="0">
  <testcase classname="com.runner.RunnerTestNg" name="runScenario" time="49.547"/>
  <testcase classname="com.runner.RunnerTestNg" name="runScenario" time="61.702"/>
  <testcase classname="com.runner.RunnerTestNg" name="runScenario" time="115.814"/>
  <testcase classname="com.runner.RunnerTestNg" name="runScenario" time="17.484"/>
  <testcase classname="com.runner.RunnerTestNg" name="runScenario" time="50.656"/>
  <testcase classname="com.runner.RunnerTestNg" name="runScenario" time="29.463"/>
  <testcase classname="com.runner.RunnerTestNg" name="runScenario" time="53.572"/>
  <testcase classname="com.runner.RunnerTestNg" name="runScenario" time="93.450"/>
  <testcase classname="com.runner.RunnerTestNg" name="runScenario" time="17.468"/>
  <testcase classname="com.runner.RunnerTestNg" name="runScenario" time="55.170"/>
  <testcase classname="com.runner.RunnerTestNg" name="runScenario" time="43.887"/>
  <testcase classname="com.runner.RunnerTestNg" name="runScenario" time="27.931"/>
  <testcase classname="com.runner.RunnerTestNg" name="runScenario" time="88.560"/>
  <testcase classname="com.runner.RunnerTestNg" name="runScenario" time="112.947"/>
  <testcase classname="com.runner.RunnerTestNg" name="runScenario" time="40.005"/>
  <testcase classname="com.runner.RunnerTestNg" name="runScenario" time="41.024"/>
  <testcase classname="com.runner.RunnerTestNg" name="runScenario" time="41.157"/>
  <testcase classname="com.runner.RunnerTestNg" name="runScenario" time="39.485"/>
  <testcase classname="com.runner.RunnerTestNg" name="runScenario" time="46.113"/>
  <testcase classname="com.runner.RunnerTestNg" name="runScenario" time="61.702"/>
  <testcase classname="com.runner.RunnerTestNg" name="runScenario" time="49.791"/>
  <testcase classname="com.runner.RunnerTestNg" name="runScenario" time="80.022"/>
  <testcase classname="com.runner.RunnerTestNg" name="runScenario" time="63.135"/>
  <testcase classname="com.runner.RunnerTestNg" name="runScenario" time="61.698"/>
  <testcase classname="com.runner.RunnerTestNg" name="runScenario" time="42.209"/>
  <testcase classname="com.runner.RunnerTestNg" name="runScenario" time="35.993"/>
  <testcase classname="com.runner.RunnerTestNg" name="runScenario" time="27.875"/>
  <testcase classname="com.runner.RunnerTestNg" name="runScenario" time="47.838"/>
  <testcase classname="com.runner.RunnerTestNg" name="runScenario" time="32.582"/>
  <testcase classname="com.runner.RunnerTestNg" name="runScenario" time="39.144"/>
  <testcase classname="com.runner.RunnerTestNg" name="runScenario" time="68.269"/>
  <testcase classname="com.runner.RunnerTestNg" name="runScenario" time="66.919"/>
  <testcase classname="com.runner.RunnerTestNg" name="runScenario" time="51.534"/>
  <testcase classname="com.runner.RunnerTestNg" name="runScenario" time="42.251"/>
  <testcase classname="com.runner.RunnerTestNg" name="runScenario" time="61.703"/>
  <testcase classname="com.runner.RunnerTestNg" name="runScenario" time="84.041"/>
  <testcase classname="com.runner.RunnerTestNg" name="runScenario" time="60.130"/>
  <testcase classname="com.runner.RunnerTestNg" name="runScenario" time="16.492"/>
  <testcase classname="com.runner.RunnerTestNg" name="runScenario" time="21.295"/>
  <testcase classname="com.runner.RunnerTestNg" name="runScenario" time="50.063"/>
</testsuite> <!-- com.runner.RunnerTestNg -->
