<?xml version="1.0" encoding="UTF-8"?>
<!-- Generated by org.testng.reporters.JUnitReportReporter -->
<testsuite hostname="LAPTOP-LEC46EMO" failures="0" tests="1" name="com.runner.RunnerTestNg" time="14.565" errors="0" timestamp="2025-04-10T23:13:58 IST" skipped="0">
  <testcase classname="com.runner.RunnerTestNg" name="runScenario" time="14.565"/>
</testsuite> <!-- com.runner.RunnerTestNg -->
