<?xml version="1.0" encoding="UTF-8"?>
<!-- Generated by org.testng.reporters.JUnitReportReporter -->
<testsuite hostname="Saranya" failures="0" tests="16" name="com.runner.RunnerTestNg" time="1134.124" errors="0" timestamp="2025-04-24T17:37:57 IST" skipped="0">
  <testcase classname="com.runner.RunnerTestNg" name="runScenario" time="26.589"/>
  <testcase classname="com.runner.RunnerTestNg" name="runScenario" time="53.044"/>
  <testcase classname="com.runner.RunnerTestNg" name="runScenario" time="86.781"/>
  <testcase classname="com.runner.RunnerTestNg" name="runScenario" time="50.491"/>
  <testcase classname="com.runner.RunnerTestNg" name="runScenario" time="111.269"/>
  <testcase classname="com.runner.RunnerTestNg" name="runScenario" time="39.125"/>
  <testcase classname="com.runner.RunnerTestNg" name="runScenario" time="47.085"/>
  <testcase classname="com.runner.RunnerTestNg" name="runScenario" time="24.053"/>
  <testcase classname="com.runner.RunnerTestNg" name="runScenario" time="27.167"/>
  <testcase classname="com.runner.RunnerTestNg" name="runScenario" time="177.613"/>
  <testcase classname="com.runner.RunnerTestNg" name="runScenario" time="136.540"/>
  <testcase classname="com.runner.RunnerTestNg" name="runScenario" time="49.294"/>
  <testcase classname="com.runner.RunnerTestNg" name="runScenario" time="100.436"/>
  <testcase classname="com.runner.RunnerTestNg" name="runScenario" time="44.841"/>
  <testcase classname="com.runner.RunnerTestNg" name="runScenario" time="46.226"/>
  <testcase classname="com.runner.RunnerTestNg" name="runScenario" time="113.570"/>
</testsuite> <!-- com.runner.RunnerTestNg -->
