<?xml version="1.0" encoding="UTF-8"?>
<!-- Generated by org.testng.reporters.JUnitReportReporter -->
<testsuite hostname="LAPTOP-LEC46EMO" failures="0" tests="3" name="com.runner.RunnerTestNg" time="27.386" errors="0" timestamp="2025-04-11T07:06:01 IST" skipped="0">
  <testcase classname="com.runner.RunnerTestNg" name="runScenario" time="7.586"/>
  <testcase classname="com.runner.RunnerTestNg" name="runScenario" time="12.467"/>
  <testcase classname="com.runner.RunnerTestNg" name="runScenario" time="7.333"/>
</testsuite> <!-- com.runner.RunnerTestNg -->
