<?xml version="1.0" encoding="UTF-8"?>
<!-- Generated by org.testng.reporters.JUnitReportReporter -->
<testsuite hostname="DESKTOP-IF37F16" failures="0" tests="19" name="com.runner.RunnerTestNg" time="1475.873" errors="0" timestamp="2025-04-28T20:39:18 IST" skipped="0">
  <testcase classname="com.runner.RunnerTestNg" name="runScenario" time="96.802"/>
  <testcase classname="com.runner.RunnerTestNg" name="runScenario" time="45.449"/>
  <testcase classname="com.runner.RunnerTestNg" name="runScenario" time="106.299"/>
  <testcase classname="com.runner.RunnerTestNg" name="runScenario" time="99.992"/>
  <testcase classname="com.runner.RunnerTestNg" name="runScenario" time="16.367"/>
  <testcase classname="com.runner.RunnerTestNg" name="runScenario" time="110.291"/>
  <testcase classname="com.runner.RunnerTestNg" name="runScenario" time="49.087"/>
  <testcase classname="com.runner.RunnerTestNg" name="runScenario" time="102.089"/>
  <testcase classname="com.runner.RunnerTestNg" name="runScenario" time="44.409"/>
  <testcase classname="com.runner.RunnerTestNg" name="runScenario" time="102.025"/>
  <testcase classname="com.runner.RunnerTestNg" name="runScenario" time="146.485"/>
  <testcase classname="com.runner.RunnerTestNg" name="runScenario" time="102.889"/>
  <testcase classname="com.runner.RunnerTestNg" name="runScenario" time="38.532"/>
  <testcase classname="com.runner.RunnerTestNg" name="runScenario" time="97.143"/>
  <testcase classname="com.runner.RunnerTestNg" name="runScenario" time="38.907"/>
  <testcase classname="com.runner.RunnerTestNg" name="runScenario" time="142.595"/>
  <testcase classname="com.runner.RunnerTestNg" name="runScenario" time="44.574"/>
  <testcase classname="com.runner.RunnerTestNg" name="runScenario" time="48.501"/>
  <testcase classname="com.runner.RunnerTestNg" name="runScenario" time="43.437"/>
</testsuite> <!-- com.runner.RunnerTestNg -->
