<?xml version="1.0" encoding="UTF-8"?>
<!-- Generated by org.testng.reporters.JUnitReportReporter -->
<testsuite hostname="LAPTOP-LEC46EMO" failures="0" tests="2" name="com.runner.RunnerTestNg" time="52.378" errors="0" timestamp="2025-04-28T07:28:26 IST" skipped="0">
  <testcase classname="com.runner.RunnerTestNg" name="runScenario" time="25.421"/>
  <testcase classname="com.runner.RunnerTestNg" name="runScenario" time="26.957"/>
</testsuite> <!-- com.runner.RunnerTestNg -->
