<?xml version="1.0" encoding="UTF-8"?>
<!-- Generated by org.testng.reporters.JUnitReportReporter -->
<testsuite hostname="Saranya" failures="0" tests="6" name="com.runner.RunnerTestNg" time="57.476" errors="0" timestamp="2025-04-10T22:22:16 IST" skipped="0">
  <testcase classname="com.runner.RunnerTestNg" name="runScenario" time="9.321"/>
  <testcase classname="com.runner.RunnerTestNg" name="runScenario" time="12.435"/>
  <testcase classname="com.runner.RunnerTestNg" name="runScenario" time="8.738"/>
  <testcase classname="com.runner.RunnerTestNg" name="runScenario" time="9.550"/>
  <testcase classname="com.runner.RunnerTestNg" name="runScenario" time="8.576"/>
  <testcase classname="com.runner.RunnerTestNg" name="runScenario" time="8.856"/>
</testsuite> <!-- com.runner.RunnerTestNg -->
