<?xml version="1.0" encoding="UTF-8"?>
<!-- Generated by org.testng.reporters.JUnitReportReporter -->
<testsuite hostname="DESKTOP-IF37F16" failures="0" tests="9" name="com.runner.RunnerTestNg" time="398.860" errors="0" timestamp="2025-04-11T07:51:27 IST" skipped="0">
  <testcase classname="com.runner.RunnerTestNg" name="runScenario" time="43.575"/>
  <testcase classname="com.runner.RunnerTestNg" name="runScenario" time="44.519"/>
  <testcase classname="com.runner.RunnerTestNg" name="runScenario" time="44.199"/>
  <testcase classname="com.runner.RunnerTestNg" name="runScenario" time="44.392"/>
  <testcase classname="com.runner.RunnerTestNg" name="runScenario" time="44.357"/>
  <testcase classname="com.runner.RunnerTestNg" name="runScenario" time="43.811"/>
  <testcase classname="com.runner.RunnerTestNg" name="runScenario" time="44.577"/>
  <testcase classname="com.runner.RunnerTestNg" name="runScenario" time="45.482"/>
  <testcase classname="com.runner.RunnerTestNg" name="runScenario" time="43.948"/>
</testsuite> <!-- com.runner.RunnerTestNg -->
