<?xml version="1.0" encoding="UTF-8"?>
<!-- Generated by org.testng.reporters.JUnitReportReporter -->
<testsuite hostname="LAPTOP-LEC46EMO" failures="0" tests="21" name="com.runner.RunnerTestNg" time="1080.445" errors="0" timestamp="2025-05-04T21:47:18 IST" skipped="0">
  <testcase classname="com.runner.RunnerTestNg" name="runScenario" time="76.187"/>
  <testcase classname="com.runner.RunnerTestNg" name="runScenario" time="31.287"/>
  <testcase classname="com.runner.RunnerTestNg" name="runScenario" time="27.749"/>
  <testcase classname="com.runner.RunnerTestNg" name="runScenario" time="10.544"/>
  <testcase classname="com.runner.RunnerTestNg" name="runScenario" time="104.595"/>
  <testcase classname="com.runner.RunnerTestNg" name="runScenario" time="28.860"/>
  <testcase classname="com.runner.RunnerTestNg" name="runScenario" time="103.426"/>
  <testcase classname="com.runner.RunnerTestNg" name="runScenario" time="10.997"/>
  <testcase classname="com.runner.RunnerTestNg" name="runScenario" time="13.290"/>
  <testcase classname="com.runner.RunnerTestNg" name="runScenario" time="74.146"/>
  <testcase classname="com.runner.RunnerTestNg" name="runScenario" time="76.190"/>
  <testcase classname="com.runner.RunnerTestNg" name="runScenario" time="29.326"/>
  <testcase classname="com.runner.RunnerTestNg" name="runScenario" time="27.221"/>
  <testcase classname="com.runner.RunnerTestNg" name="runScenario" time="74.731"/>
  <testcase classname="com.runner.RunnerTestNg" name="runScenario" time="74.452"/>
  <testcase classname="com.runner.RunnerTestNg" name="runScenario" time="73.958"/>
  <testcase classname="com.runner.RunnerTestNg" name="runScenario" time="31.860"/>
  <testcase classname="com.runner.RunnerTestNg" name="runScenario" time="30.905"/>
  <testcase classname="com.runner.RunnerTestNg" name="runScenario" time="75.318"/>
  <testcase classname="com.runner.RunnerTestNg" name="runScenario" time="73.970"/>
  <testcase classname="com.runner.RunnerTestNg" name="runScenario" time="31.433"/>
</testsuite> <!-- com.runner.RunnerTestNg -->
