<?xml version="1.0" encoding="UTF-8"?>
<!-- Generated by org.testng.reporters.JUnitReportReporter -->
<testsuite hostname="Saranya" failures="0" tests="5" name="com.runner.RunnerTestNg" time="27.523" errors="0" timestamp="2025-04-10T01:27:51 IST" skipped="0">
  <testcase classname="com.runner.RunnerTestNg" name="runScenario" time="6.660"/>
  <testcase classname="com.runner.RunnerTestNg" name="runScenario" time="5.178"/>
  <testcase classname="com.runner.RunnerTestNg" name="runScenario" time="5.198"/>
  <testcase classname="com.runner.RunnerTestNg" name="runScenario" time="5.233"/>
  <testcase classname="com.runner.RunnerTestNg" name="runScenario" time="5.254"/>
</testsuite> <!-- com.runner.RunnerTestNg -->
