<?xml version="1.0" encoding="UTF-8"?>
<!-- Generated by org.testng.reporters.JUnitReportReporter -->
<testsuite hostname="LAPTOP-LEC46EMO" failures="0" tests="21" name="com.runner.RunnerTestNg" time="922.587" errors="0" timestamp="2025-05-02T09:10:21 IST" skipped="0">
  <testcase classname="com.runner.RunnerTestNg" name="runScenario" time="21.697"/>
  <testcase classname="com.runner.RunnerTestNg" name="runScenario" time="16.585"/>
  <testcase classname="com.runner.RunnerTestNg" name="runScenario" time="68.612"/>
  <testcase classname="com.runner.RunnerTestNg" name="runScenario" time="10.748"/>
  <testcase classname="com.runner.RunnerTestNg" name="runScenario" time="68.586"/>
  <testcase classname="com.runner.RunnerTestNg" name="runScenario" time="70.242"/>
  <testcase classname="com.runner.RunnerTestNg" name="runScenario" time="10.700"/>
  <testcase classname="com.runner.RunnerTestNg" name="runScenario" time="18.994"/>
  <testcase classname="com.runner.RunnerTestNg" name="runScenario" time="68.554"/>
  <testcase classname="com.runner.RunnerTestNg" name="runScenario" time="68.490"/>
  <testcase classname="com.runner.RunnerTestNg" name="runScenario" time="90.630"/>
  <testcase classname="com.runner.RunnerTestNg" name="runScenario" time="71.566"/>
  <testcase classname="com.runner.RunnerTestNg" name="runScenario" time="19.030"/>
  <testcase classname="com.runner.RunnerTestNg" name="runScenario" time="68.651"/>
  <testcase classname="com.runner.RunnerTestNg" name="runScenario" time="13.484"/>
  <testcase classname="com.runner.RunnerTestNg" name="runScenario" time="91.278"/>
  <testcase classname="com.runner.RunnerTestNg" name="runScenario" time="17.678"/>
  <testcase classname="com.runner.RunnerTestNg" name="runScenario" time="19.258"/>
  <testcase classname="com.runner.RunnerTestNg" name="runScenario" time="68.689"/>
  <testcase classname="com.runner.RunnerTestNg" name="runScenario" time="18.976"/>
  <testcase classname="com.runner.RunnerTestNg" name="runScenario" time="20.139"/>
</testsuite> <!-- com.runner.RunnerTestNg -->
