<?xml version="1.0" encoding="UTF-8"?>
<!-- Generated by org.testng.reporters.JUnitReportReporter -->
<testsuite hostname="LAPTOP-LEC46EMO" failures="0" tests="62" name="com.runner.RunnerTestNg" time="2676.030" errors="0" timestamp="2025-05-06T09:19:16 IST" skipped="0">
  <testcase classname="com.runner.RunnerTestNg" name="runScenario" time="33.747"/>
  <testcase classname="com.runner.RunnerTestNg" name="runScenario" time="52.040"/>
  <testcase classname="com.runner.RunnerTestNg" name="runScenario" time="37.981"/>
  <testcase classname="com.runner.RunnerTestNg" name="runScenario" time="64.822"/>
  <testcase classname="com.runner.RunnerTestNg" name="runScenario" time="20.133"/>
  <testcase classname="com.runner.RunnerTestNg" name="runScenario" time="114.775"/>
  <testcase classname="com.runner.RunnerTestNg" name="runScenario" time="21.043"/>
  <testcase classname="com.runner.RunnerTestNg" name="runScenario" time="21.291"/>
  <testcase classname="com.runner.RunnerTestNg" name="runScenario" time="28.857"/>
  <testcase classname="com.runner.RunnerTestNg" name="runScenario" time="51.932"/>
  <testcase classname="com.runner.RunnerTestNg" name="runScenario" time="58.147"/>
  <testcase classname="com.runner.RunnerTestNg" name="runScenario" time="40.179"/>
  <testcase classname="com.runner.RunnerTestNg" name="runScenario" time="50.865"/>
  <testcase classname="com.runner.RunnerTestNg" name="runScenario" time="20.453"/>
  <testcase classname="com.runner.RunnerTestNg" name="runScenario" time="94.891"/>
  <testcase classname="com.runner.RunnerTestNg" name="runScenario" time="16.185"/>
  <testcase classname="com.runner.RunnerTestNg" name="runScenario" time="34.280"/>
  <testcase classname="com.runner.RunnerTestNg" name="runScenario" time="41.056"/>
  <testcase classname="com.runner.RunnerTestNg" name="runScenario" time="40.429"/>
  <testcase classname="com.runner.RunnerTestNg" name="runScenario" time="21.342"/>
  <testcase classname="com.runner.RunnerTestNg" name="runScenario" time="88.532"/>
  <testcase classname="com.runner.RunnerTestNg" name="runScenario" time="21.226"/>
  <testcase classname="com.runner.RunnerTestNg" name="runScenario" time="20.824"/>
  <testcase classname="com.runner.RunnerTestNg" name="runScenario" time="21.068"/>
  <testcase classname="com.runner.RunnerTestNg" name="runScenario" time="51.523"/>
  <testcase classname="com.runner.RunnerTestNg" name="runScenario" time="30.267"/>
  <testcase classname="com.runner.RunnerTestNg" name="runScenario" time="28.688"/>
  <testcase classname="com.runner.RunnerTestNg" name="runScenario" time="36.586"/>
  <testcase classname="com.runner.RunnerTestNg" name="runScenario" time="20.983"/>
  <testcase classname="com.runner.RunnerTestNg" name="runScenario" time="43.791"/>
  <testcase classname="com.runner.RunnerTestNg" name="runScenario" time="39.079"/>
  <testcase classname="com.runner.RunnerTestNg" name="runScenario" time="53.032"/>
  <testcase classname="com.runner.RunnerTestNg" name="runScenario" time="93.757"/>
  <testcase classname="com.runner.RunnerTestNg" name="runScenario" time="19.876"/>
  <testcase classname="com.runner.RunnerTestNg" name="runScenario" time="59.829"/>
  <testcase classname="com.runner.RunnerTestNg" name="runScenario" time="21.880"/>
  <testcase classname="com.runner.RunnerTestNg" name="runScenario" time="57.117"/>
  <testcase classname="com.runner.RunnerTestNg" name="runScenario" time="74.449"/>
  <testcase classname="com.runner.RunnerTestNg" name="runScenario" time="21.214"/>
  <testcase classname="com.runner.RunnerTestNg" name="runScenario" time="18.810"/>
  <testcase classname="com.runner.RunnerTestNg" name="runScenario" time="46.929"/>
  <testcase classname="com.runner.RunnerTestNg" name="runScenario" time="73.624"/>
  <testcase classname="com.runner.RunnerTestNg" name="runScenario" time="23.836"/>
  <testcase classname="com.runner.RunnerTestNg" name="runScenario" time="44.618"/>
  <testcase classname="com.runner.RunnerTestNg" name="runScenario" time="30.816"/>
  <testcase classname="com.runner.RunnerTestNg" name="runScenario" time="20.704"/>
  <testcase classname="com.runner.RunnerTestNg" name="runScenario" time="43.744"/>
  <testcase classname="com.runner.RunnerTestNg" name="runScenario" time="93.013"/>
  <testcase classname="com.runner.RunnerTestNg" name="runScenario" time="19.465"/>
  <testcase classname="com.runner.RunnerTestNg" name="runScenario" time="51.949"/>
  <testcase classname="com.runner.RunnerTestNg" name="runScenario" time="39.264"/>
  <testcase classname="com.runner.RunnerTestNg" name="runScenario" time="65.004"/>
  <testcase classname="com.runner.RunnerTestNg" name="runScenario" time="40.452"/>
  <testcase classname="com.runner.RunnerTestNg" name="runScenario" time="16.567"/>
  <testcase classname="com.runner.RunnerTestNg" name="runScenario" time="27.698"/>
  <testcase classname="com.runner.RunnerTestNg" name="runScenario" time="93.881"/>
  <testcase classname="com.runner.RunnerTestNg" name="runScenario" time="18.825"/>
  <testcase classname="com.runner.RunnerTestNg" name="runScenario" time="52.344"/>
  <testcase classname="com.runner.RunnerTestNg" name="runScenario" time="51.964"/>
  <testcase classname="com.runner.RunnerTestNg" name="runScenario" time="35.534"/>
  <testcase classname="com.runner.RunnerTestNg" name="runScenario" time="60.953"/>
  <testcase classname="com.runner.RunnerTestNg" name="runScenario" time="37.867"/>
</testsuite> <!-- com.runner.RunnerTestNg -->
