<?xml version="1.0" encoding="UTF-8"?>
<!-- Generated by org.testng.reporters.JUnitReportReporter -->
<testsuite hostname="Saranya" failures="0" tests="16" name="com.runner.RunnerTestNg" time="942.871" errors="0" timestamp="2025-04-24T13:27:50 IST" skipped="0">
  <testcase classname="com.runner.RunnerTestNg" name="runScenario" time="124.154"/>
  <testcase classname="com.runner.RunnerTestNg" name="runScenario" time="104.029"/>
  <testcase classname="com.runner.RunnerTestNg" name="runScenario" time="19.217"/>
  <testcase classname="com.runner.RunnerTestNg" name="runScenario" time="63.398"/>
  <testcase classname="com.runner.RunnerTestNg" name="runScenario" time="82.910"/>
  <testcase classname="com.runner.RunnerTestNg" name="runScenario" time="36.347"/>
  <testcase classname="com.runner.RunnerTestNg" name="runScenario" time="43.131"/>
  <testcase classname="com.runner.RunnerTestNg" name="runScenario" time="32.497"/>
  <testcase classname="com.runner.RunnerTestNg" name="runScenario" time="97.165"/>
  <testcase classname="com.runner.RunnerTestNg" name="runScenario" time="28.481"/>
  <testcase classname="com.runner.RunnerTestNg" name="runScenario" time="38.548"/>
  <testcase classname="com.runner.RunnerTestNg" name="runScenario" time="102.088"/>
  <testcase classname="com.runner.RunnerTestNg" name="runScenario" time="36.597"/>
  <testcase classname="com.runner.RunnerTestNg" name="runScenario" time="40.550"/>
  <testcase classname="com.runner.RunnerTestNg" name="runScenario" time="19.584"/>
  <testcase classname="com.runner.RunnerTestNg" name="runScenario" time="74.175"/>
</testsuite> <!-- com.runner.RunnerTestNg -->
