<?xml version="1.0" encoding="UTF-8"?>
<!-- Generated by org.testng.reporters.JUnitReportReporter -->
<testsuite hostname="LAPTOP-LEC46EMO" failures="0" tests="20" name="com.runner.RunnerTestNg" time="1011.601" errors="0" timestamp="2025-04-29T22:34:34 IST" skipped="0">
  <testcase classname="com.runner.RunnerTestNg" name="runScenario" time="61.819"/>
  <testcase classname="com.runner.RunnerTestNg" name="runScenario" time="37.632"/>
  <testcase classname="com.runner.RunnerTestNg" name="runScenario" time="63.702"/>
  <testcase classname="com.runner.RunnerTestNg" name="runScenario" time="35.998"/>
  <testcase classname="com.runner.RunnerTestNg" name="runScenario" time="66.174"/>
  <testcase classname="com.runner.RunnerTestNg" name="runScenario" time="13.298"/>
  <testcase classname="com.runner.RunnerTestNg" name="runScenario" time="35.809"/>
  <testcase classname="com.runner.RunnerTestNg" name="runScenario" time="29.559"/>
  <testcase classname="com.runner.RunnerTestNg" name="runScenario" time="30.883"/>
  <testcase classname="com.runner.RunnerTestNg" name="runScenario" time="61.953"/>
  <testcase classname="com.runner.RunnerTestNg" name="runScenario" time="34.845"/>
  <testcase classname="com.runner.RunnerTestNg" name="runScenario" time="14.361"/>
  <testcase classname="com.runner.RunnerTestNg" name="runScenario" time="61.778"/>
  <testcase classname="com.runner.RunnerTestNg" name="runScenario" time="99.980"/>
  <testcase classname="com.runner.RunnerTestNg" name="runScenario" time="65.138"/>
  <testcase classname="com.runner.RunnerTestNg" name="runScenario" time="63.018"/>
  <testcase classname="com.runner.RunnerTestNg" name="runScenario" time="100.065"/>
  <testcase classname="com.runner.RunnerTestNg" name="runScenario" time="34.662"/>
  <testcase classname="com.runner.RunnerTestNg" name="runScenario" time="35.315"/>
  <testcase classname="com.runner.RunnerTestNg" name="runScenario" time="65.612"/>
</testsuite> <!-- com.runner.RunnerTestNg -->
