<?xml version="1.0" encoding="UTF-8"?>
<!-- Generated by org.testng.reporters.JUnitReportReporter -->
<testsuite hostname="DESKTOP-IF37F16" failures="0" tests="4" name="com.runner.RunnerTestNg" time="113.010" errors="0" timestamp="2025-05-05T20:58:40 IST" skipped="0">
  <testcase classname="com.runner.RunnerTestNg" name="runScenario" time="22.934"/>
  <testcase classname="com.runner.RunnerTestNg" name="runScenario" time="22.590"/>
  <testcase classname="com.runner.RunnerTestNg" name="runScenario" time="44.986"/>
  <testcase classname="com.runner.RunnerTestNg" name="runScenario" time="22.500"/>
</testsuite> <!-- com.runner.RunnerTestNg -->
