<?xml version="1.0" encoding="UTF-8"?>
<!-- Generated by org.testng.reporters.JUnitReportReporter -->
<<<<<<< HEAD
<testsuite hostname="Saranya" failures="0" tests="6" name="com.runner.RunnerTestNg" time="57.476" errors="0" timestamp="2025-04-10T22:22:16 IST" skipped="0">
  <testcase classname="com.runner.RunnerTestNg" name="runScenario" time="9.321"/>
  <testcase classname="com.runner.RunnerTestNg" name="runScenario" time="12.435"/>
  <testcase classname="com.runner.RunnerTestNg" name="runScenario" time="8.738"/>
  <testcase classname="com.runner.RunnerTestNg" name="runScenario" time="9.550"/>
  <testcase classname="com.runner.RunnerTestNg" name="runScenario" time="8.576"/>
  <testcase classname="com.runner.RunnerTestNg" name="runScenario" time="8.856"/>
=======
<testsuite hostname="LAPTOP-LEC46EMO" failures="0" tests="1" name="com.runner.RunnerTestNg" time="14.565" errors="0" timestamp="2025-04-10T23:13:58 IST" skipped="0">
  <testcase classname="com.runner.RunnerTestNg" name="runScenario" time="14.565"/>
>>>>>>> branch 'main' of https://github.com/Saranyaa5/Ecommerce-lamdatest-bdd.git
</testsuite> <!-- com.runner.RunnerTestNg -->
