<?xml version="1.0" encoding="UTF-8"?>
<!-- Generated by org.testng.reporters.JUnitReportReporter -->
<testsuite hostname="Saranya" failures="0" tests="20" name="com.runner.RunnerTestNg" time="625.568" errors="0" timestamp="2025-05-05T22:41:11 IST" skipped="0">
  <testcase classname="com.runner.RunnerTestNg" name="runScenario" time="17.851"/>
  <testcase classname="com.runner.RunnerTestNg" name="runScenario" time="16.511"/>
  <testcase classname="com.runner.RunnerTestNg" name="runScenario" time="25.268"/>
  <testcase classname="com.runner.RunnerTestNg" name="runScenario" time="12.855"/>
  <testcase classname="com.runner.RunnerTestNg" name="runScenario" time="15.985"/>
  <testcase classname="com.runner.RunnerTestNg" name="runScenario" time="22.472"/>
  <testcase classname="com.runner.RunnerTestNg" name="runScenario" time="18.052"/>
  <testcase classname="com.runner.RunnerTestNg" name="runScenario" time="68.395"/>
  <testcase classname="com.runner.RunnerTestNg" name="runScenario" time="15.036"/>
  <testcase classname="com.runner.RunnerTestNg" name="runScenario" time="39.269"/>
  <testcase classname="com.runner.RunnerTestNg" name="runScenario" time="28.438"/>
  <testcase classname="com.runner.RunnerTestNg" name="runScenario" time="10.878"/>
  <testcase classname="com.runner.RunnerTestNg" name="runScenario" time="22.918"/>
  <testcase classname="com.runner.RunnerTestNg" name="runScenario" time="17.004"/>
  <testcase classname="com.runner.RunnerTestNg" name="runScenario" time="63.968"/>
  <testcase classname="com.runner.RunnerTestNg" name="runScenario" time="67.890"/>
  <testcase classname="com.runner.RunnerTestNg" name="runScenario" time="58.356"/>
  <testcase classname="com.runner.RunnerTestNg" name="runScenario" time="20.054"/>
  <testcase classname="com.runner.RunnerTestNg" name="runScenario" time="22.750"/>
  <testcase classname="com.runner.RunnerTestNg" name="runScenario" time="61.618"/>
</testsuite> <!-- com.runner.RunnerTestNg -->
