<?xml version="1.0" encoding="UTF-8"?>
<!-- Generated by org.testng.reporters.JUnitReportReporter -->
<testsuite hostname="DESKTOP-IF37F16" failures="0" tests="8" name="com.runner.RunnerTestNg" time="344.322" errors="0" timestamp="2025-04-19T11:35:21 IST" skipped="0">
  <testcase classname="com.runner.RunnerTestNg" name="runScenario" time="40.759"/>
  <testcase classname="com.runner.RunnerTestNg" name="runScenario" time="41.090"/>
  <testcase classname="com.runner.RunnerTestNg" name="runScenario" time="53.528"/>
  <testcase classname="com.runner.RunnerTestNg" name="runScenario" time="41.092"/>
  <testcase classname="com.runner.RunnerTestNg" name="runScenario" time="41.042"/>
  <testcase classname="com.runner.RunnerTestNg" name="runScenario" time="40.966"/>
  <testcase classname="com.runner.RunnerTestNg" name="runScenario" time="45.678"/>
  <testcase classname="com.runner.RunnerTestNg" name="runScenario" time="40.167"/>
</testsuite> <!-- com.runner.RunnerTestNg -->
