<?xml version="1.0" encoding="UTF-8"?>
<!-- Generated by org.testng.reporters.JUnitReportReporter -->
<testsuite hostname="Saranya" failures="0" tests="5" name="com.runner.RunnerTestNg" time="28.533" errors="0" timestamp="2025-04-10T01:40:19 IST" skipped="0">
  <testcase classname="com.runner.RunnerTestNg" name="runScenario" time="5.339"/>
  <testcase classname="com.runner.RunnerTestNg" name="runScenario" time="5.664"/>
  <testcase classname="com.runner.RunnerTestNg" name="runScenario" time="5.537"/>
  <testcase classname="com.runner.RunnerTestNg" name="runScenario" time="6.712"/>
  <testcase classname="com.runner.RunnerTestNg" name="runScenario" time="5.281"/>
</testsuite> <!-- com.runner.RunnerTestNg -->
