<?xml version="1.0" encoding="UTF-8"?>
<!-- Generated by org.testng.reporters.JUnitReportReporter -->
<testsuite hostname="DESKTOP-IF37F16" failures="0" tests="11" name="com.runner.RunnerTestNg" time="548.710" errors="0" timestamp="2025-04-12T09:15:32 IST" skipped="0">
  <testcase classname="com.runner.RunnerTestNg" name="runScenario" time="53.017"/>
  <testcase classname="com.runner.RunnerTestNg" name="runScenario" time="53.148"/>
  <testcase classname="com.runner.RunnerTestNg" name="runScenario" time="53.033"/>
  <testcase classname="com.runner.RunnerTestNg" name="runScenario" time="54.676"/>
  <testcase classname="com.runner.RunnerTestNg" name="runScenario" time="52.734"/>
  <testcase classname="com.runner.RunnerTestNg" name="runScenario" time="52.821"/>
  <testcase classname="com.runner.RunnerTestNg" name="runScenario" time="53.338"/>
  <testcase classname="com.runner.RunnerTestNg" name="runScenario" time="12.337"/>
  <testcase classname="com.runner.RunnerTestNg" name="runScenario" time="52.398"/>
  <testcase classname="com.runner.RunnerTestNg" name="runScenario" time="52.911"/>
  <testcase classname="com.runner.RunnerTestNg" name="runScenario" time="58.297"/>
</testsuite> <!-- com.runner.RunnerTestNg -->
