<?xml version="1.0" encoding="UTF-8"?>
<!-- Generated by org.testng.reporters.JUnitReportReporter -->
<testsuite hostname="DESKTOP-IF37F16" failures="0" tests="12" name="com.runner.RunnerTestNg2" time="195.617" errors="0" timestamp="2025-04-15T14:39:29 IST" skipped="0">
  <testcase classname="com.runner.RunnerTestNg2" name="runScenario" time="12.002"/>
  <testcase classname="com.runner.RunnerTestNg2" name="runScenario" time="38.045"/>
  <testcase classname="com.runner.RunnerTestNg2" name="runScenario" time="14.687"/>
  <testcase classname="com.runner.RunnerTestNg2" name="runScenario" time="14.102"/>
  <testcase classname="com.runner.RunnerTestNg2" name="runScenario" time="14.179"/>
  <testcase classname="com.runner.RunnerTestNg2" name="runScenario" time="10.816"/>
  <testcase classname="com.runner.RunnerTestNg2" name="runScenario" time="14.833"/>
  <testcase classname="com.runner.RunnerTestNg2" name="runScenario" time="12.129"/>
  <testcase classname="com.runner.RunnerTestNg2" name="runScenario" time="21.131"/>
  <testcase classname="com.runner.RunnerTestNg2" name="runScenario" time="14.691"/>
  <testcase classname="com.runner.RunnerTestNg2" name="runScenario" time="14.828"/>
  <testcase classname="com.runner.RunnerTestNg2" name="runScenario" time="14.174"/>
</testsuite> <!-- com.runner.RunnerTestNg2 -->
