<?xml version="1.0" encoding="UTF-8"?>
<!-- Generated by org.testng.reporters.JUnitReportReporter -->
<testsuite hostname="LAPTOP-LEC46EMO" failures="0" tests="40" name="com.runner.RunnerTestNg" time="1884.303" errors="2" timestamp="2025-04-16T07:04:08 IST" skipped="0">
  <testcase classname="com.runner.RunnerTestNg" name="runScenario" time="40.222"/>
  <testcase classname="com.runner.RunnerTestNg" name="runScenario" time="17.032"/>
  <testcase classname="com.runner.RunnerTestNg" name="runScenario" time="78.323"/>
  <testcase classname="com.runner.RunnerTestNg" name="runScenario" time="66.924"/>
  <testcase classname="com.runner.RunnerTestNg" name="runScenario" time="16.717"/>
  <testcase classname="com.runner.RunnerTestNg" name="runScenario" time="68.377"/>
  <testcase classname="com.runner.RunnerTestNg" name="runScenario" time="35.834"/>
  <testcase classname="com.runner.RunnerTestNg" name="runScenario" time="38.199"/>
  <testcase classname="com.runner.RunnerTestNg" name="runScenario" time="66.166"/>
  <testcase classname="com.runner.RunnerTestNg" name="runScenario" time="80.515"/>
  <testcase classname="com.runner.RunnerTestNg" name="runScenario" time="24.802"/>
  <testcase classname="com.runner.RunnerTestNg" name="runScenario" time="57.921"/>
  <testcase classname="com.runner.RunnerTestNg" name="runScenario" time="81.006"/>
  <testcase classname="com.runner.RunnerTestNg" name="runScenario" time="43.765"/>
  <testcase classname="com.runner.RunnerTestNg" name="runScenario" time="39.324"/>
  <testcase classname="com.runner.RunnerTestNg" name="runScenario" time="42.494"/>
  <testcase classname="com.runner.RunnerTestNg" name="runScenario" time="28.899"/>
  <testcase classname="com.runner.RunnerTestNg" name="runScenario" time="22.372"/>
  <testcase classname="com.runner.RunnerTestNg" name="runScenario" time="67.619">
    <error message="The step &#039;the user should see the message &quot;Thank you for your comment. It has been submitted to the webmaster for approval.&quot;|&#039; is undefined.
You can implement this step using the snippet(s) below:

@Then(&quot;the user should see the message {string}|&quot;)
public void the_user_should_see_the_message(String string) {
    // Write code here that turns the phrase above into concrete actions
    throw new io.cucumber.java.PendingException();
}
" type="io.cucumber.testng.UndefinedStepException">
      <![CDATA[io.cucumber.testng.UndefinedStepException: The step 'the user should see the message "Thank you for your comment. It has been submitted to the webmaster for approval."|' is undefined.
You can implement this step using the snippet(s) below:

@Then("the user should see the message {string}|")
public void the_user_should_see_the_message(String string) {
    // Write code here that turns the phrase above into concrete actions
    throw new io.cucumber.java.PendingException();
}

at io.cucumber.core.runtime.TestCaseResultObserver.assertTestCasePassed(TestCaseResultObserver.java:69)
at io.cucumber.testng.TestCaseResultObserver.assertTestCasePassed(TestCaseResultObserver.java:23)
at io.cucumber.testng.TestNGCucumberRunner.lambda$runScenario$1(TestNGCucumberRunner.java:136)
at io.cucumber.core.runtime.CucumberExecutionContext.lambda$runTestCase$5(CucumberExecutionContext.java:136)
at io.cucumber.core.runtime.RethrowingThrowableCollector.executeAndThrow(RethrowingThrowableCollector.java:23)
at io.cucumber.core.runtime.CucumberExecutionContext.runTestCase(CucumberExecutionContext.java:136)
at io.cucumber.testng.TestNGCucumberRunner.runScenario(TestNGCucumberRunner.java:132)
at io.cucumber.testng.AbstractTestNGCucumberTests.runScenario(AbstractTestNGCucumberTests.java:35)
at java.base/jdk.internal.reflect.DirectMethodHandleAccessor.invoke(DirectMethodHandleAccessor.java:103)
at java.base/java.lang.reflect.Method.invoke(Method.java:580)
at org.testng.internal.invokers.MethodInvocationHelper.invokeMethod(MethodInvocationHelper.java:141)
at org.testng.internal.invokers.TestInvoker.invokeMethod(TestInvoker.java:687)
at org.testng.internal.invokers.TestInvoker.invokeTestMethod(TestInvoker.java:230)
at org.testng.internal.invokers.TestMethodWithDataProviderMethodWorker.call(TestMethodWithDataProviderMethodWorker.java:81)
at org.testng.internal.thread.Async$AsyncTask.run(Async.java:34)
at java.base/java.util.concurrent.ThreadPoolExecutor.runWorker(ThreadPoolExecutor.java:1144)
at java.base/java.util.concurrent.ThreadPoolExecutor$Worker.run(ThreadPoolExecutor.java:642)
at java.base/java.lang.Thread.run(Thread.java:1583)
]]>
    </error>
  </testcase> <!-- runScenario -->
  <testcase classname="com.runner.RunnerTestNg" name="runScenario" time="19.107">
    <error message="element click intercepted: Element &lt;a class=&quot;icon-left both dropdown-item&quot; href=&quot;https://ecommerce-playground.lambdatest.io/index.php?route=account/register&quot;&gt;...&lt;/a&gt; is not clickable at point (79, 19). Other element would receive the click: &lt;div id=&quot;main-header&quot;&gt;...&lt;/div&gt;
  (Session info: chrome=135.0.7049.86)
Build info: version: &#039;4.31.0&#039;, revision: &#039;1ef9f18787*&#039;
System info: os.name: &#039;Windows 11&#039;, os.arch: &#039;amd64&#039;, os.version: &#039;10.0&#039;, java.version: &#039;21.0.6&#039;
Driver info: org.openqa.selenium.chrome.ChromeDriver
Command: [c8bb5e3ed2c7d27009a63fb0329b85fb, clickElement {id=f.80D0A29431A56FEBD6352C48A19B3693.d.88BD54D5EFD5F765AF0006BBA433CF68.e.56}]
Capabilities {acceptInsecureCerts: false, browserName: chrome, browserVersion: 135.0.7049.86, chrome: {chromedriverVersion: 135.0.7049.95 (de2eb485a195..., userDataDir: C:\Users\kirub\AppData\Loca...}, fedcm:accounts: true, goog:chromeOptions: {debuggerAddress: localhost:57238}, networkConnectionEnabled: false, pageLoadStrategy: normal, platformName: windows, proxy: Proxy(), se:cdp: ws://localhost:57238/devtoo..., se:cdpVersion: 135.0.7049.86, setWindowRect: true, strictFileInteractability: false, timeouts: {implicit: 0, pageLoad: 300000, script: 30000}, unhandledPromptBehavior: dismiss and notify, webauthn:extension:credBlob: true, webauthn:extension:largeBlob: true, webauthn:extension:minPinLength: true, webauthn:extension:prf: true, webauthn:virtualAuthenticators: true}
Element: [[ChromeDriver: chrome on windows (c8bb5e3ed2c7d27009a63fb0329b85fb)] -&gt; xpath: //a[@class=&#039;icon-left both dropdown-item&#039; and @href=&#039;https://ecommerce-playground.lambdatest.io/index.php?route=account/register&#039;]]
Session ID: c8bb5e3ed2c7d27009a63fb0329b85fb" type="org.openqa.selenium.ElementClickInterceptedException">
      <![CDATA[org.openqa.selenium.ElementClickInterceptedException: element click intercepted: Element <a class="icon-left both dropdown-item" href="https://ecommerce-playground.lambdatest.io/index.php?route=account/register">...</a> is not clickable at point (79, 19). Other element would receive the click: <div id="main-header">...</div>
  (Session info: chrome=135.0.7049.86)
Build info: version: '4.31.0', revision: '1ef9f18787*'
System info: os.name: 'Windows 11', os.arch: 'amd64', os.version: '10.0', java.version: '21.0.6'
Driver info: org.openqa.selenium.chrome.ChromeDriver
Command: [c8bb5e3ed2c7d27009a63fb0329b85fb, clickElement {id=f.80D0A29431A56FEBD6352C48A19B3693.d.88BD54D5EFD5F765AF0006BBA433CF68.e.56}]
Capabilities {acceptInsecureCerts: false, browserName: chrome, browserVersion: 135.0.7049.86, chrome: {chromedriverVersion: 135.0.7049.95 (de2eb485a195..., userDataDir: C:\Users\kirub\AppData\Loca...}, fedcm:accounts: true, goog:chromeOptions: {debuggerAddress: localhost:57238}, networkConnectionEnabled: false, pageLoadStrategy: normal, platformName: windows, proxy: Proxy(), se:cdp: ws://localhost:57238/devtoo..., se:cdpVersion: 135.0.7049.86, setWindowRect: true, strictFileInteractability: false, timeouts: {implicit: 0, pageLoad: 300000, script: 30000}, unhandledPromptBehavior: dismiss and notify, webauthn:extension:credBlob: true, webauthn:extension:largeBlob: true, webauthn:extension:minPinLength: true, webauthn:extension:prf: true, webauthn:virtualAuthenticators: true}
Element: [[ChromeDriver: chrome on windows (c8bb5e3ed2c7d27009a63fb0329b85fb)] -> xpath: //a[@class='icon-left both dropdown-item' and @href='https://ecommerce-playground.lambdatest.io/index.php?route=account/register']]
Session ID: c8bb5e3ed2c7d27009a63fb0329b85fb
at java.base/jdk.internal.reflect.DirectConstructorHandleAccessor.newInstance(DirectConstructorHandleAccessor.java:62)
at java.base/java.lang.reflect.Constructor.newInstanceWithCaller(Constructor.java:502)
at java.base/java.lang.reflect.Constructor.newInstance(Constructor.java:486)
at org.openqa.selenium.remote.ErrorCodec.decode(ErrorCodec.java:167)
at org.openqa.selenium.remote.codec.w3c.W3CHttpResponseCodec.decode(W3CHttpResponseCodec.java:138)
at org.openqa.selenium.remote.codec.w3c.W3CHttpResponseCodec.decode(W3CHttpResponseCodec.java:50)
at org.openqa.selenium.remote.HttpCommandExecutor.execute(HttpCommandExecutor.java:215)
at org.openqa.selenium.remote.service.DriverCommandExecutor.invokeExecute(DriverCommandExecutor.java:216)
at org.openqa.selenium.remote.service.DriverCommandExecutor.execute(DriverCommandExecutor.java:174)
at org.openqa.selenium.remote.RemoteWebDriver.execute(RemoteWebDriver.java:545)
at org.openqa.selenium.remote.RemoteWebElement.execute(RemoteWebElement.java:223)
at org.openqa.selenium.remote.RemoteWebElement.click(RemoteWebElement.java:76)
at java.base/jdk.internal.reflect.DirectMethodHandleAccessor.invoke(DirectMethodHandleAccessor.java:103)
at java.base/java.lang.reflect.Method.invoke(Method.java:580)
at org.openqa.selenium.support.pagefactory.internal.LocatingElementHandler.invoke(LocatingElementHandler.java:51)
at jdk.proxy2/jdk.proxy2.$Proxy60.click(Unknown Source)
at com.actions.UserRegistrationAction.waitAndClick(UserRegistrationAction.java:297)
at com.actions.UserRegistrationAction.clickRegister(UserRegistrationAction.java:241)
at com.definitions.UserRegistrationDefinition.clicks_the_register_button(UserRegistrationDefinition.java:29)
at ✽.clicks the register button(file:///C:/Users/kirub/git/Ecommerce-lamdatest-bdd/ecommerce-lambdatest-bd/src/test/resources/com/features/UserRegistration.feature:8)
]]>
    </error>
  </testcase> <!-- runScenario -->
  <testcase classname="com.runner.RunnerTestNg" name="runScenario" time="42.235"/>
  <testcase classname="com.runner.RunnerTestNg" name="runScenario" time="20.453"/>
  <testcase classname="com.runner.RunnerTestNg" name="runScenario" time="52.019"/>
  <testcase classname="com.runner.RunnerTestNg" name="runScenario" time="21.841"/>
  <testcase classname="com.runner.RunnerTestNg" name="runScenario" time="68.411"/>
  <testcase classname="com.runner.RunnerTestNg" name="runScenario" time="32.073"/>
  <testcase classname="com.runner.RunnerTestNg" name="runScenario" time="31.282"/>
  <testcase classname="com.runner.RunnerTestNg" name="runScenario" time="26.720"/>
  <testcase classname="com.runner.RunnerTestNg" name="runScenario" time="31.004"/>
  <testcase classname="com.runner.RunnerTestNg" name="runScenario" time="70.761"/>
  <testcase classname="com.runner.RunnerTestNg" name="runScenario" time="88.253"/>
  <testcase classname="com.runner.RunnerTestNg" name="runScenario" time="112.954"/>
  <testcase classname="com.runner.RunnerTestNg" name="runScenario" time="81.167"/>
  <testcase classname="com.runner.RunnerTestNg" name="runScenario" time="34.802"/>
  <testcase classname="com.runner.RunnerTestNg" name="runScenario" time="90.199"/>
  <testcase classname="com.runner.RunnerTestNg" name="runScenario" time="29.321"/>
  <testcase classname="com.runner.RunnerTestNg" name="runScenario" time="36.459"/>
  <testcase classname="com.runner.RunnerTestNg" name="runScenario" time="16.297"/>
  <testcase classname="com.runner.RunnerTestNg" name="runScenario" time="29.351"/>
  <testcase classname="com.runner.RunnerTestNg" name="runScenario" time="33.083"/>
</testsuite> <!-- com.runner.RunnerTestNg -->
