<?xml version="1.0" encoding="UTF-8"?>
<!-- Generated by org.testng.reporters.JUnitReportReporter -->
<testsuite hostname="Saranya" failures="0" tests="6" name="com.runner.RunnerTestNg" time="0.470" errors="6" timestamp="2025-04-11T00:44:27 IST" skipped="0">
  <testcase classname="com.runner.RunnerTestNg" name="runScenario" time="0.379">
    <error type="java.lang.NullPointerException">
      <![CDATA[java.lang.NullPointerException
at java.base/java.io.FileInputStream.<init>(FileInputStream.java:144)
at java.base/java.io.FileInputStream.<init>(FileInputStream.java:106)
at com.utilities.ConfigReader.loadProperties(ConfigReader.java:12)
at com.utilities.HelperClass.<init>(HelperClass.java:24)
at com.utilities.HelperClass.setUpDriver(HelperClass.java:63)
at com.definitions.Hooks.setUp(Hooks.java:24)
]]>
    </error>
  </testcase> <!-- runScenario -->
  <testcase classname="com.runner.RunnerTestNg" name="runScenario" time="0.018">
    <error type="java.lang.NullPointerException">
      <![CDATA[java.lang.NullPointerException
at java.base/java.io.FileInputStream.<init>(FileInputStream.java:144)
at java.base/java.io.FileInputStream.<init>(FileInputStream.java:106)
at com.utilities.ConfigReader.loadProperties(ConfigReader.java:12)
at com.utilities.HelperClass.<init>(HelperClass.java:24)
at com.utilities.HelperClass.setUpDriver(HelperClass.java:63)
at com.definitions.Hooks.setUp(Hooks.java:24)
]]>
    </error>
  </testcase> <!-- runScenario -->
  <testcase classname="com.runner.RunnerTestNg" name="runScenario" time="0.020">
    <error type="java.lang.NullPointerException">
      <![CDATA[java.lang.NullPointerException
at java.base/java.io.FileInputStream.<init>(FileInputStream.java:144)
at java.base/java.io.FileInputStream.<init>(FileInputStream.java:106)
at com.utilities.ConfigReader.loadProperties(ConfigReader.java:12)
at com.utilities.HelperClass.<init>(HelperClass.java:24)
at com.utilities.HelperClass.setUpDriver(HelperClass.java:63)
at com.definitions.Hooks.setUp(Hooks.java:24)
]]>
    </error>
  </testcase> <!-- runScenario -->
  <testcase classname="com.runner.RunnerTestNg" name="runScenario" time="0.021">
    <error type="java.lang.NullPointerException">
      <![CDATA[java.lang.NullPointerException
at java.base/java.io.FileInputStream.<init>(FileInputStream.java:144)
at java.base/java.io.FileInputStream.<init>(FileInputStream.java:106)
at com.utilities.ConfigReader.loadProperties(ConfigReader.java:12)
at com.utilities.HelperClass.<init>(HelperClass.java:24)
at com.utilities.HelperClass.setUpDriver(HelperClass.java:63)
at com.definitions.Hooks.setUp(Hooks.java:24)
]]>
    </error>
  </testcase> <!-- runScenario -->
  <testcase classname="com.runner.RunnerTestNg" name="runScenario" time="0.014">
    <error type="java.lang.NullPointerException">
      <![CDATA[java.lang.NullPointerException
at java.base/java.io.FileInputStream.<init>(FileInputStream.java:144)
at java.base/java.io.FileInputStream.<init>(FileInputStream.java:106)
at com.utilities.ConfigReader.loadProperties(ConfigReader.java:12)
at com.utilities.HelperClass.<init>(HelperClass.java:24)
at com.utilities.HelperClass.setUpDriver(HelperClass.java:63)
at com.definitions.Hooks.setUp(Hooks.java:24)
]]>
    </error>
  </testcase> <!-- runScenario -->
  <testcase classname="com.runner.RunnerTestNg" name="runScenario" time="0.018">
    <error type="java.lang.NullPointerException">
      <![CDATA[java.lang.NullPointerException
at java.base/java.io.FileInputStream.<init>(FileInputStream.java:144)
at java.base/java.io.FileInputStream.<init>(FileInputStream.java:106)
at com.utilities.ConfigReader.loadProperties(ConfigReader.java:12)
at com.utilities.HelperClass.<init>(HelperClass.java:24)
at com.utilities.HelperClass.setUpDriver(HelperClass.java:63)
at com.definitions.Hooks.setUp(Hooks.java:24)
]]>
    </error>
  </testcase> <!-- runScenario -->
</testsuite> <!-- com.runner.RunnerTestNg -->
