<?xml version="1.0" encoding="UTF-8"?>
<!-- Generated by org.testng.reporters.JUnitReportReporter -->
<testsuite hostname="DESKTOP-IF37F16" failures="0" tests="18" name="com.runner.RunnerTestNg" time="987.845" errors="0" timestamp="2025-04-24T20:36:07 IST" skipped="0">
  <testcase classname="com.runner.RunnerTestNg" name="runScenario" time="47.908"/>
  <testcase classname="com.runner.RunnerTestNg" name="runScenario" time="50.682"/>
  <testcase classname="com.runner.RunnerTestNg" name="runScenario" time="99.041"/>
  <testcase classname="com.runner.RunnerTestNg" name="runScenario" time="41.889"/>
  <testcase classname="com.runner.RunnerTestNg" name="runScenario" time="30.897"/>
  <testcase classname="com.runner.RunnerTestNg" name="runScenario" time="48.485"/>
  <testcase classname="com.runner.RunnerTestNg" name="runScenario" time="98.262"/>
  <testcase classname="com.runner.RunnerTestNg" name="runScenario" time="24.527"/>
  <testcase classname="com.runner.RunnerTestNg" name="runScenario" time="41.318"/>
  <testcase classname="com.runner.RunnerTestNg" name="runScenario" time="57.404"/>
  <testcase classname="com.runner.RunnerTestNg" name="runScenario" time="48.396"/>
  <testcase classname="com.runner.RunnerTestNg" name="runScenario" time="62.532"/>
  <testcase classname="com.runner.RunnerTestNg" name="runScenario" time="50.569"/>
  <testcase classname="com.runner.RunnerTestNg" name="runScenario" time="57.090"/>
  <testcase classname="com.runner.RunnerTestNg" name="runScenario" time="67.325"/>
  <testcase classname="com.runner.RunnerTestNg" name="runScenario" time="36.354"/>
  <testcase classname="com.runner.RunnerTestNg" name="runScenario" time="50.786"/>
  <testcase classname="com.runner.RunnerTestNg" name="runScenario" time="74.380"/>
</testsuite> <!-- com.runner.RunnerTestNg -->
