<?xml version="1.0" encoding="UTF-8"?>
<!-- Generated by org.testng.reporters.JUnitReportReporter -->
<testsuite hostname="LAPTOP-LEC46EMO" failures="0" tests="1" name="com.runner.RunnerTestNg" time="9.817" errors="0" timestamp="2025-05-04T19:55:08 IST" skipped="0">
  <testcase classname="com.runner.RunnerTestNg" name="runScenario" time="9.817"/>
</testsuite> <!-- com.runner.RunnerTestNg -->
