<?xml version="1.0" encoding="UTF-8"?>
<!-- Generated by org.testng.reporters.JUnitReportReporter -->
<testsuite hostname="DESKTOP-IF37F16" failures="0" tests="22" name="com.runner.RunnerTestNg" time="2309.062" errors="0" timestamp="2025-05-06T17:16:10 IST" skipped="0">
  <testcase classname="com.runner.RunnerTestNg" name="runScenario" time="77.313"/>
  <testcase classname="com.runner.RunnerTestNg" name="runScenario" time="140.014"/>
  <testcase classname="com.runner.RunnerTestNg" name="runScenario" time="77.663"/>
  <testcase classname="com.runner.RunnerTestNg" name="runScenario" time="103.863"/>
  <testcase classname="com.runner.RunnerTestNg" name="runScenario" time="163.298"/>
  <testcase classname="com.runner.RunnerTestNg" name="runScenario" time="88.503"/>
  <testcase classname="com.runner.RunnerTestNg" name="runScenario" time="118.805"/>
  <testcase classname="com.runner.RunnerTestNg" name="runScenario" time="155.062"/>
  <testcase classname="com.runner.RunnerTestNg" name="runScenario" time="163.391"/>
  <testcase classname="com.runner.RunnerTestNg" name="runScenario" time="68.798"/>
  <testcase classname="com.runner.RunnerTestNg" name="runScenario" time="164.114"/>
  <testcase classname="com.runner.RunnerTestNg" name="runScenario" time="154.932"/>
  <testcase classname="com.runner.RunnerTestNg" name="runScenario" time="42.310"/>
  <testcase classname="com.runner.RunnerTestNg" name="runScenario" time="50.645"/>
  <testcase classname="com.runner.RunnerTestNg" name="runScenario" time="67.858"/>
  <testcase classname="com.runner.RunnerTestNg" name="runScenario" time="68.156"/>
  <testcase classname="com.runner.RunnerTestNg" name="runScenario" time="63.324"/>
  <testcase classname="com.runner.RunnerTestNg" name="runScenario" time="163.869"/>
  <testcase classname="com.runner.RunnerTestNg" name="runScenario" time="74.653"/>
  <testcase classname="com.runner.RunnerTestNg" name="runScenario" time="193.439"/>
  <testcase classname="com.runner.RunnerTestNg" name="runScenario" time="40.030"/>
  <testcase classname="com.runner.RunnerTestNg" name="runScenario" time="69.022"/>
</testsuite> <!-- com.runner.RunnerTestNg -->
