<?xml version="1.0" encoding="UTF-8"?>
<!-- Generated by org.testng.reporters.JUnitReportReporter -->
<testsuite hostname="LAPTOP-LEC46EMO" failures="0" tests="1" name="com.runner.RunnerTestNg" time="29.155" errors="0" timestamp="2025-05-06T17:32:26 IST" skipped="0">
  <testcase classname="com.runner.RunnerTestNg" name="runScenario" time="29.155"/>
</testsuite> <!-- com.runner.RunnerTestNg -->
