<?xml version="1.0" encoding="UTF-8"?>
<!-- Generated by org.testng.reporters.JUnitReportReporter -->
<testsuite hostname="Saranya" failures="1" tests="49" name="com.runner.RunnerTestNg" time="2290.337" errors="1" timestamp="2025-04-17T10:38:58 IST" skipped="0">
  <testcase classname="com.runner.RunnerTestNg" name="runScenario" time="27.697"/>
  <testcase classname="com.runner.RunnerTestNg" name="runScenario" time="37.349"/>
  <testcase classname="com.runner.RunnerTestNg" name="runScenario" time="17.907"/>
  <testcase classname="com.runner.RunnerTestNg" name="runScenario" time="37.762"/>
  <testcase classname="com.runner.RunnerTestNg" name="runScenario" time="26.218"/>
  <testcase classname="com.runner.RunnerTestNg" name="runScenario" time="153.515"/>
  <testcase classname="com.runner.RunnerTestNg" name="runScenario" time="36.641"/>
  <testcase classname="com.runner.RunnerTestNg" name="runScenario" time="40.339"/>
  <testcase classname="com.runner.RunnerTestNg" name="runScenario" time="18.983"/>
  <testcase classname="com.runner.RunnerTestNg" name="runScenario" time="22.024"/>
  <testcase classname="com.runner.RunnerTestNg" name="runScenario" time="28.729"/>
  <testcase classname="com.runner.RunnerTestNg" name="runScenario" time="30.656"/>
  <testcase classname="com.runner.RunnerTestNg" name="runScenario" time="72.394"/>
  <testcase classname="com.runner.RunnerTestNg" name="runScenario" time="25.722">
    <error message="stale element reference: stale element not found
  (Session info: chrome=135.0.7049.95)
For documentation on this error, please visit: https://www.selenium.dev/documentation/webdriver/troubleshooting/errors#stale-element-reference-exception
Build info: version: &#039;4.31.0&#039;, revision: &#039;1ef9f18787*&#039;
System info: os.name: &#039;Windows 11&#039;, os.arch: &#039;amd64&#039;, os.version: &#039;10.0&#039;, java.version: &#039;21.0.6&#039;
Driver info: org.openqa.selenium.chrome.ChromeDriver
Command: [8dc2f077e534e2af4b6c5452546cdaa0, isElementDisplayed {id=f.D5B08321D043D7B281AD99BB5E200AF6.d.B913BFC1E9E1B8DF246D7AA6EC4CB449.e.100}]
Capabilities {acceptInsecureCerts: false, browserName: chrome, browserVersion: 135.0.7049.95, chrome: {chromedriverVersion: 135.0.7049.95 (de2eb485a195..., userDataDir: C:\Users\saran\AppData\Loca...}, fedcm:accounts: true, goog:chromeOptions: {debuggerAddress: localhost:50346}, networkConnectionEnabled: false, pageLoadStrategy: normal, platformName: windows, proxy: Proxy(), se:cdp: ws://localhost:50346/devtoo..., se:cdpVersion: 135.0.7049.95, setWindowRect: true, strictFileInteractability: false, timeouts: {implicit: 0, pageLoad: 300000, script: 30000}, unhandledPromptBehavior: dismiss and notify, webauthn:extension:credBlob: true, webauthn:extension:largeBlob: true, webauthn:extension:minPinLength: true, webauthn:extension:prf: true, webauthn:virtualAuthenticators: true}
Element: [[ChromeDriver: chrome on windows (8dc2f077e534e2af4b6c5452546cdaa0)] -&gt; xpath: //*[@id=&quot;account-forgotten&quot;]/div[1]]
Session ID: 8dc2f077e534e2af4b6c5452546cdaa0" type="org.openqa.selenium.StaleElementReferenceException">
      <![CDATA[org.openqa.selenium.StaleElementReferenceException: stale element reference: stale element not found
  (Session info: chrome=135.0.7049.95)
For documentation on this error, please visit: https://www.selenium.dev/documentation/webdriver/troubleshooting/errors#stale-element-reference-exception
Build info: version: '4.31.0', revision: '1ef9f18787*'
System info: os.name: 'Windows 11', os.arch: 'amd64', os.version: '10.0', java.version: '21.0.6'
Driver info: org.openqa.selenium.chrome.ChromeDriver
Command: [8dc2f077e534e2af4b6c5452546cdaa0, isElementDisplayed {id=f.D5B08321D043D7B281AD99BB5E200AF6.d.B913BFC1E9E1B8DF246D7AA6EC4CB449.e.100}]
Capabilities {acceptInsecureCerts: false, browserName: chrome, browserVersion: 135.0.7049.95, chrome: {chromedriverVersion: 135.0.7049.95 (de2eb485a195..., userDataDir: C:\Users\saran\AppData\Loca...}, fedcm:accounts: true, goog:chromeOptions: {debuggerAddress: localhost:50346}, networkConnectionEnabled: false, pageLoadStrategy: normal, platformName: windows, proxy: Proxy(), se:cdp: ws://localhost:50346/devtoo..., se:cdpVersion: 135.0.7049.95, setWindowRect: true, strictFileInteractability: false, timeouts: {implicit: 0, pageLoad: 300000, script: 30000}, unhandledPromptBehavior: dismiss and notify, webauthn:extension:credBlob: true, webauthn:extension:largeBlob: true, webauthn:extension:minPinLength: true, webauthn:extension:prf: true, webauthn:virtualAuthenticators: true}
Element: [[ChromeDriver: chrome on windows (8dc2f077e534e2af4b6c5452546cdaa0)] -> xpath: //*[@id="account-forgotten"]/div[1]]
Session ID: 8dc2f077e534e2af4b6c5452546cdaa0
at java.base/jdk.internal.reflect.DirectConstructorHandleAccessor.newInstance(DirectConstructorHandleAccessor.java:62)
at java.base/java.lang.reflect.Constructor.newInstanceWithCaller(Constructor.java:502)
at java.base/java.lang.reflect.Constructor.newInstance(Constructor.java:486)
at org.openqa.selenium.remote.ErrorCodec.decode(ErrorCodec.java:167)
at org.openqa.selenium.remote.codec.w3c.W3CHttpResponseCodec.decode(W3CHttpResponseCodec.java:138)
at org.openqa.selenium.remote.codec.w3c.W3CHttpResponseCodec.decode(W3CHttpResponseCodec.java:50)
at org.openqa.selenium.remote.HttpCommandExecutor.execute(HttpCommandExecutor.java:215)
at org.openqa.selenium.remote.service.DriverCommandExecutor.invokeExecute(DriverCommandExecutor.java:216)
at org.openqa.selenium.remote.service.DriverCommandExecutor.execute(DriverCommandExecutor.java:174)
at org.openqa.selenium.remote.RemoteWebDriver.execute(RemoteWebDriver.java:545)
at org.openqa.selenium.remote.RemoteWebElement.execute(RemoteWebElement.java:223)
at org.openqa.selenium.remote.RemoteWebElement.isDisplayed(RemoteWebElement.java:282)
at java.base/jdk.internal.reflect.DirectMethodHandleAccessor.invoke(DirectMethodHandleAccessor.java:103)
at java.base/java.lang.reflect.Method.invoke(Method.java:580)
at org.openqa.selenium.support.pagefactory.internal.LocatingElementHandler.invoke(LocatingElementHandler.java:51)
at jdk.proxy2/jdk.proxy2.$Proxy60.isDisplayed(Unknown Source)
at org.openqa.selenium.support.ui.ExpectedConditions.elementIfVisible(ExpectedConditions.java:304)
at org.openqa.selenium.support.ui.ExpectedConditions$10.apply(ExpectedConditions.java:290)
at org.openqa.selenium.support.ui.ExpectedConditions$10.apply(ExpectedConditions.java:287)
at org.openqa.selenium.support.ui.FluentWait.until(FluentWait.java:203)
at com.actions.ForgotPasswordAction.waitForAlertText(ForgotPasswordAction.java:110)
at com.actions.ForgotPasswordAction.verifyErrorMessage(ForgotPasswordAction.java:75)
at com.definitions.ForgotPasswordDefinition.user_should_see_an_error_message(ForgotPasswordDefinition.java:58)
at ✽.user should see an Error Message(file:///C:/Users/saran/git/SeleniumFinalCucumber/ecommerce-lambdatest-bd/src/test/resources/com/features/ForgotPassword.feature:23)
]]>
    </error>
  </testcase> <!-- runScenario -->
  <testcase classname="com.runner.RunnerTestNg" name="runScenario" time="38.614"/>
  <testcase classname="com.runner.RunnerTestNg" name="runScenario" time="38.148"/>
  <testcase classname="com.runner.RunnerTestNg" name="runScenario" time="36.635"/>
  <testcase classname="com.runner.RunnerTestNg" name="runScenario" time="30.479"/>
  <testcase classname="com.runner.RunnerTestNg" name="runScenario" time="61.154">
    <failure message="expected [true] but found [false]" type="java.lang.AssertionError">
      <![CDATA[java.lang.AssertionError: expected [true] but found [false]
at org.testng.Assert.fail(Assert.java:111)
at org.testng.Assert.failNotEquals(Assert.java:1590)
at org.testng.Assert.assertTrue(Assert.java:57)
at org.testng.Assert.assertTrue(Assert.java:67)
at com.definitions.UserAccountDefinition.user_should_see_success_message(UserAccountDefinition.java:88)
at ✽.user should see "Your address has been successfully added"(file:///C:/Users/saran/git/SeleniumFinalCucumber/ecommerce-lambdatest-bd/src/test/resources/com/features/UserAccountManagement.feature:24)
]]>
    </failure>
  </testcase> <!-- runScenario -->
  <testcase classname="com.runner.RunnerTestNg" name="runScenario" time="112.879"/>
  <testcase classname="com.runner.RunnerTestNg" name="runScenario" time="28.420"/>
  <testcase classname="com.runner.RunnerTestNg" name="runScenario" time="67.615"/>
  <testcase classname="com.runner.RunnerTestNg" name="runScenario" time="31.087"/>
  <testcase classname="com.runner.RunnerTestNg" name="runScenario" time="131.940"/>
  <testcase classname="com.runner.RunnerTestNg" name="runScenario" time="32.781"/>
  <testcase classname="com.runner.RunnerTestNg" name="runScenario" time="46.473"/>
  <testcase classname="com.runner.RunnerTestNg" name="runScenario" time="32.884"/>
  <testcase classname="com.runner.RunnerTestNg" name="runScenario" time="138.236"/>
  <testcase classname="com.runner.RunnerTestNg" name="runScenario" time="26.639"/>
  <testcase classname="com.runner.RunnerTestNg" name="runScenario" time="100.664"/>
  <testcase classname="com.runner.RunnerTestNg" name="runScenario" time="83.750"/>
  <testcase classname="com.runner.RunnerTestNg" name="runScenario" time="26.957"/>
  <testcase classname="com.runner.RunnerTestNg" name="runScenario" time="79.883"/>
  <testcase classname="com.runner.RunnerTestNg" name="runScenario" time="21.555"/>
  <testcase classname="com.runner.RunnerTestNg" name="runScenario" time="37.564"/>
  <testcase classname="com.runner.RunnerTestNg" name="runScenario" time="31.013"/>
  <testcase classname="com.runner.RunnerTestNg" name="runScenario" time="38.030"/>
  <testcase classname="com.runner.RunnerTestNg" name="runScenario" time="52.630"/>
  <testcase classname="com.runner.RunnerTestNg" name="runScenario" time="32.268"/>
  <testcase classname="com.runner.RunnerTestNg" name="runScenario" time="25.649"/>
  <testcase classname="com.runner.RunnerTestNg" name="runScenario" time="26.622"/>
  <testcase classname="com.runner.RunnerTestNg" name="runScenario" time="19.005"/>
  <testcase classname="com.runner.RunnerTestNg" name="runScenario" time="72.106"/>
  <testcase classname="com.runner.RunnerTestNg" name="runScenario" time="19.282"/>
  <testcase classname="com.runner.RunnerTestNg" name="runScenario" time="76.468"/>
  <testcase classname="com.runner.RunnerTestNg" name="runScenario" time="22.540"/>
  <testcase classname="com.runner.RunnerTestNg" name="runScenario" time="28.777"/>
  <testcase classname="com.runner.RunnerTestNg" name="runScenario" time="47.467"/>
  <testcase classname="com.runner.RunnerTestNg" name="runScenario" time="18.187"/>
</testsuite> <!-- com.runner.RunnerTestNg -->
