<?xml version="1.0" encoding="UTF-8"?>
<!-- Generated by org.testng.reporters.JUnitReportReporter -->
<testsuite hostname="LAPTOP-LEC46EMO" failures="1" tests="56" name="com.runner.RunnerTestNg" time="2837.378" errors="1" timestamp="2025-04-29T07:32:17 IST" skipped="0">
  <testcase classname="com.runner.RunnerTestNg" name="runScenario" time="41.478"/>
  <testcase classname="com.runner.RunnerTestNg" name="runScenario" time="60.919"/>
  <testcase classname="com.runner.RunnerTestNg" name="runScenario" time="20.944"/>
  <testcase classname="com.runner.RunnerTestNg" name="runScenario" time="26.092"/>
  <testcase classname="com.runner.RunnerTestNg" name="runScenario" time="74.023"/>
  <testcase classname="com.runner.RunnerTestNg" name="runScenario" time="68.405"/>
  <testcase classname="com.runner.RunnerTestNg" name="runScenario" time="16.941"/>
  <testcase classname="com.runner.RunnerTestNg" name="runScenario" time="41.067"/>
  <testcase classname="com.runner.RunnerTestNg" name="runScenario" time="38.193"/>
  <testcase classname="com.runner.RunnerTestNg" name="runScenario" time="40.576"/>
  <testcase classname="com.runner.RunnerTestNg" name="runScenario" time="42.140"/>
  <testcase classname="com.runner.RunnerTestNg" name="runScenario" time="33.208"/>
  <testcase classname="com.runner.RunnerTestNg" name="runScenario" time="119.408"/>
  <testcase classname="com.runner.RunnerTestNg" name="runScenario" time="44.558"/>
  <testcase classname="com.runner.RunnerTestNg" name="runScenario" time="46.990"/>
  <testcase classname="com.runner.RunnerTestNg" name="runScenario" time="30.880"/>
  <testcase classname="com.runner.RunnerTestNg" name="runScenario" time="47.150"/>
  <testcase classname="com.runner.RunnerTestNg" name="runScenario" time="105.643"/>
  <testcase classname="com.runner.RunnerTestNg" name="runScenario" time="68.211"/>
  <testcase classname="com.runner.RunnerTestNg" name="runScenario" time="41.358"/>
  <testcase classname="com.runner.RunnerTestNg" name="runScenario" time="52.066"/>
  <testcase classname="com.runner.RunnerTestNg" name="runScenario" time="60.636"/>
  <testcase classname="com.runner.RunnerTestNg" name="runScenario" time="39.777"/>
  <testcase classname="com.runner.RunnerTestNg" name="runScenario" time="23.917"/>
  <testcase classname="com.runner.RunnerTestNg" name="runScenario" time="103.984"/>
  <testcase classname="com.runner.RunnerTestNg" name="runScenario" time="67.215"/>
  <testcase classname="com.runner.RunnerTestNg" name="runScenario" time="26.519"/>
  <testcase classname="com.runner.RunnerTestNg" name="runScenario" time="18.711"/>
  <testcase classname="com.runner.RunnerTestNg" name="runScenario" time="92.929"/>
  <testcase classname="com.runner.RunnerTestNg" name="runScenario" time="67.186"/>
  <testcase classname="com.runner.RunnerTestNg" name="runScenario" time="65.149"/>
  <testcase classname="com.runner.RunnerTestNg" name="runScenario" time="34.291"/>
  <testcase classname="com.runner.RunnerTestNg" name="runScenario" time="47.305"/>
  <testcase classname="com.runner.RunnerTestNg" name="runScenario" time="91.068"/>
  <testcase classname="com.runner.RunnerTestNg" name="runScenario" time="60.302"/>
  <testcase classname="com.runner.RunnerTestNg" name="runScenario" time="60.390"/>
  <testcase classname="com.runner.RunnerTestNg" name="runScenario" time="30.088"/>
  <testcase classname="com.runner.RunnerTestNg" name="runScenario" time="104.793"/>
  <testcase classname="com.runner.RunnerTestNg" name="runScenario" time="25.726"/>
  <testcase classname="com.runner.RunnerTestNg" name="runScenario" time="34.801"/>
  <testcase classname="com.runner.RunnerTestNg" name="runScenario" time="80.117">
    <failure message="expected [true] but found [false]" type="java.lang.AssertionError">
      <![CDATA[java.lang.AssertionError: expected [true] but found [false]
at org.testng.Assert.fail(Assert.java:111)
at org.testng.Assert.failNotEquals(Assert.java:1590)
at org.testng.Assert.assertTrue(Assert.java:57)
at org.testng.Assert.assertTrue(Assert.java:67)
at com.definitions.UserAccountDefinition.user_should_see_success_message(UserAccountDefinition.java:93)
at ✽.user should see "Your address has been successfully added"(file:///C:/Users/kirub/git/Ecommerce-lamdatest-bdd/ecommerce-lambdatest-bd/src/test/resources/com/features/UserAccountManagement.feature:24)
]]>
    </failure>
  </testcase> <!-- runScenario -->
  <testcase classname="com.runner.RunnerTestNg" name="runScenario" time="22.370"/>
  <testcase classname="com.runner.RunnerTestNg" name="runScenario" time="60.840"/>
  <testcase classname="com.runner.RunnerTestNg" name="runScenario" time="37.005"/>
  <testcase classname="com.runner.RunnerTestNg" name="runScenario" time="61.005"/>
  <testcase classname="com.runner.RunnerTestNg" name="runScenario" time="23.914"/>
  <testcase classname="com.runner.RunnerTestNg" name="runScenario" time="60.398"/>
  <testcase classname="com.runner.RunnerTestNg" name="runScenario" time="30.366"/>
  <testcase classname="com.runner.RunnerTestNg" name="runScenario" time="34.963"/>
  <testcase classname="com.runner.RunnerTestNg" name="runScenario" time="43.452"/>
  <testcase classname="com.runner.RunnerTestNg" name="runScenario" time="21.602">
    <error message="invalid selector: An invalid or illegal selector was specified
  (Session info: chrome=135.0.7049.115)
For documentation on this error, please visit: https://www.selenium.dev/documentation/webdriver/troubleshooting/errors#invalid-selector-exception
Build info: version: &#039;4.31.0&#039;, revision: &#039;1ef9f18787*&#039;
System info: os.name: &#039;Windows 11&#039;, os.arch: &#039;amd64&#039;, os.version: &#039;10.0&#039;, java.version: &#039;21.0.6&#039;
Driver info: org.openqa.selenium.chrome.ChromeDriver
Command: [1be36a5b0859a0037e3a0e30ad36de20, findElement {using=css selector, value=#entry_216815 &gt; div : first-of-type}]
Capabilities {acceptInsecureCerts: false, browserName: chrome, browserVersion: 135.0.7049.115, chrome: {chromedriverVersion: 135.0.7049.114 (63fd8a7d9d0..., userDataDir: C:\Users\kirub\AppData\Loca...}, fedcm:accounts: true, goog:chromeOptions: {debuggerAddress: localhost:64294}, networkConnectionEnabled: false, pageLoadStrategy: normal, platformName: windows, proxy: Proxy(), se:cdp: ws://localhost:64294/devtoo..., se:cdpVersion: 135.0.7049.115, setWindowRect: true, strictFileInteractability: false, timeouts: {implicit: 0, pageLoad: 300000, script: 30000}, unhandledPromptBehavior: dismiss and notify, webauthn:extension:credBlob: true, webauthn:extension:largeBlob: true, webauthn:extension:minPinLength: true, webauthn:extension:prf: true, webauthn:virtualAuthenticators: true}
Session ID: 1be36a5b0859a0037e3a0e30ad36de20" type="org.openqa.selenium.InvalidSelectorException">
      <![CDATA[org.openqa.selenium.InvalidSelectorException: invalid selector: An invalid or illegal selector was specified
  (Session info: chrome=135.0.7049.115)
For documentation on this error, please visit: https://www.selenium.dev/documentation/webdriver/troubleshooting/errors#invalid-selector-exception
Build info: version: '4.31.0', revision: '1ef9f18787*'
System info: os.name: 'Windows 11', os.arch: 'amd64', os.version: '10.0', java.version: '21.0.6'
Driver info: org.openqa.selenium.chrome.ChromeDriver
Command: [1be36a5b0859a0037e3a0e30ad36de20, findElement {using=css selector, value=#entry_216815 > div : first-of-type}]
Capabilities {acceptInsecureCerts: false, browserName: chrome, browserVersion: 135.0.7049.115, chrome: {chromedriverVersion: 135.0.7049.114 (63fd8a7d9d0..., userDataDir: C:\Users\kirub\AppData\Loca...}, fedcm:accounts: true, goog:chromeOptions: {debuggerAddress: localhost:64294}, networkConnectionEnabled: false, pageLoadStrategy: normal, platformName: windows, proxy: Proxy(), se:cdp: ws://localhost:64294/devtoo..., se:cdpVersion: 135.0.7049.115, setWindowRect: true, strictFileInteractability: false, timeouts: {implicit: 0, pageLoad: 300000, script: 30000}, unhandledPromptBehavior: dismiss and notify, webauthn:extension:credBlob: true, webauthn:extension:largeBlob: true, webauthn:extension:minPinLength: true, webauthn:extension:prf: true, webauthn:virtualAuthenticators: true}
Session ID: 1be36a5b0859a0037e3a0e30ad36de20
at java.base/jdk.internal.reflect.DirectConstructorHandleAccessor.newInstance(DirectConstructorHandleAccessor.java:62)
at java.base/java.lang.reflect.Constructor.newInstanceWithCaller(Constructor.java:502)
at java.base/java.lang.reflect.Constructor.newInstance(Constructor.java:486)
at org.openqa.selenium.remote.ErrorCodec.decode(ErrorCodec.java:167)
at org.openqa.selenium.remote.codec.w3c.W3CHttpResponseCodec.decode(W3CHttpResponseCodec.java:138)
at org.openqa.selenium.remote.codec.w3c.W3CHttpResponseCodec.decode(W3CHttpResponseCodec.java:50)
at org.openqa.selenium.remote.HttpCommandExecutor.execute(HttpCommandExecutor.java:215)
at org.openqa.selenium.remote.service.DriverCommandExecutor.invokeExecute(DriverCommandExecutor.java:216)
at org.openqa.selenium.remote.service.DriverCommandExecutor.execute(DriverCommandExecutor.java:174)
at org.openqa.selenium.remote.RemoteWebDriver.execute(RemoteWebDriver.java:545)
at org.openqa.selenium.remote.ElementLocation$ElementFinder$2.findElement(ElementLocation.java:165)
at org.openqa.selenium.remote.ElementLocation.findElement(ElementLocation.java:59)
at org.openqa.selenium.remote.RemoteWebDriver.findElement(RemoteWebDriver.java:368)
at org.openqa.selenium.remote.RemoteWebDriver.findElement(RemoteWebDriver.java:362)
at org.openqa.selenium.support.pagefactory.DefaultElementLocator.findElement(DefaultElementLocator.java:68)
at org.openqa.selenium.support.pagefactory.internal.LocatingElementHandler.invoke(LocatingElementHandler.java:38)
at jdk.proxy2/jdk.proxy2.$Proxy60.getText(Unknown Source)
at com.actions.HomePageAction.block2text(HomePageAction.java:32)
at com.definitions.HomePageDefinition.the_user_should_see_the_page(HomePageDefinition.java:47)
at ✽.the user should see the "Canon EOS 5D" page(file:///C:/Users/kirub/git/Ecommerce-lamdatest-bdd/ecommerce-lambdatest-bd/src/test/resources/com/features/Home.feature:16)
]]>
    </error>
  </testcase> <!-- runScenario -->
  <testcase classname="com.runner.RunnerTestNg" name="runScenario" time="47.325"/>
  <testcase classname="com.runner.RunnerTestNg" name="runScenario" time="103.102"/>
  <testcase classname="com.runner.RunnerTestNg" name="runScenario" time="29.283"/>
  <testcase classname="com.runner.RunnerTestNg" name="runScenario" time="33.967"/>
  <testcase classname="com.runner.RunnerTestNg" name="runScenario" time="32.632"/>
</testsuite> <!-- com.runner.RunnerTestNg -->
