<?xml version="1.0" encoding="UTF-8"?>
<!-- Generated by org.testng.reporters.JUnitReportReporter -->
<testsuite hostname="DESKTOP-IF37F16" failures="0" tests="11" name="com.runner.RunnerTestNg" time="522.754" errors="0" timestamp="2025-04-12T10:49:32 IST" skipped="0">
  <testcase classname="com.runner.RunnerTestNg" name="runScenario" time="50.255"/>
  <testcase classname="com.runner.RunnerTestNg" name="runScenario" time="11.792"/>
  <testcase classname="com.runner.RunnerTestNg" name="runScenario" time="50.819"/>
  <testcase classname="com.runner.RunnerTestNg" name="runScenario" time="50.680"/>
  <testcase classname="com.runner.RunnerTestNg" name="runScenario" time="50.723"/>
  <testcase classname="com.runner.RunnerTestNg" name="runScenario" time="52.260"/>
  <testcase classname="com.runner.RunnerTestNg" name="runScenario" time="50.955"/>
  <testcase classname="com.runner.RunnerTestNg" name="runScenario" time="50.892"/>
  <testcase classname="com.runner.RunnerTestNg" name="runScenario" time="51.010"/>
  <testcase classname="com.runner.RunnerTestNg" name="runScenario" time="50.873"/>
  <testcase classname="com.runner.RunnerTestNg" name="runScenario" time="52.495"/>
</testsuite> <!-- com.runner.RunnerTestNg -->
