<?xml version="1.0" encoding="UTF-8"?>
<!-- Generated by org.testng.reporters.JUnitReportReporter -->
<testsuite hostname="LAPTOP-LEC46EMO" failures="0" tests="1" name="com.runner.RunnerTestNg" time="56.935" errors="0" timestamp="2025-04-16T17:03:11 IST" skipped="0">
  <testcase classname="com.runner.RunnerTestNg" name="runScenario" time="56.935"/>
</testsuite> <!-- com.runner.RunnerTestNg -->
