<?xml version="1.0" encoding="UTF-8"?>
<!-- Generated by org.testng.reporters.JUnitReportReporter -->
<testsuite hostname="DESKTOP-IF37F16" failures="0" tests="7" name="com.runner.RunnerTestNg2" time="100.362" errors="0" timestamp="2025-04-16T16:38:43 IST" skipped="0">
  <testcase classname="com.runner.RunnerTestNg2" name="runScenario" time="16.949"/>
  <testcase classname="com.runner.RunnerTestNg2" name="runScenario" time="12.447"/>
  <testcase classname="com.runner.RunnerTestNg2" name="runScenario" time="13.453"/>
  <testcase classname="com.runner.RunnerTestNg2" name="runScenario" time="12.976"/>
  <testcase classname="com.runner.RunnerTestNg2" name="runScenario" time="12.647"/>
  <testcase classname="com.runner.RunnerTestNg2" name="runScenario" time="15.011"/>
  <testcase classname="com.runner.RunnerTestNg2" name="runScenario" time="16.879"/>
</testsuite> <!-- com.runner.RunnerTestNg2 -->
