<?xml version="1.0" encoding="UTF-8"?>
<!-- Generated by org.testng.reporters.JUnitReportReporter -->
<testsuite hostname="Saranya" failures="0" tests="23" name="com.runner.RunnerTestNg" time="376.488" errors="0" timestamp="2025-04-13T23:01:47 IST" skipped="0">
  <testcase classname="com.runner.RunnerTestNg" name="runScenario" time="21.195"/>
  <testcase classname="com.runner.RunnerTestNg" name="runScenario" time="10.026"/>
  <testcase classname="com.runner.RunnerTestNg" name="runScenario" time="12.161"/>
  <testcase classname="com.runner.RunnerTestNg" name="runScenario" time="9.320"/>
  <testcase classname="com.runner.RunnerTestNg" name="runScenario" time="21.899"/>
  <testcase classname="com.runner.RunnerTestNg" name="runScenario" time="15.731"/>
  <testcase classname="com.runner.RunnerTestNg" name="runScenario" time="10.380"/>
  <testcase classname="com.runner.RunnerTestNg" name="runScenario" time="10.114"/>
  <testcase classname="com.runner.RunnerTestNg" name="runScenario" time="11.731"/>
  <testcase classname="com.runner.RunnerTestNg" name="runScenario" time="18.076"/>
  <testcase classname="com.runner.RunnerTestNg" name="runScenario" time="9.447"/>
  <testcase classname="com.runner.RunnerTestNg" name="runScenario" time="17.710"/>
  <testcase classname="com.runner.RunnerTestNg" name="runScenario" time="55.115"/>
  <testcase classname="com.runner.RunnerTestNg" name="runScenario" time="17.100"/>
  <testcase classname="com.runner.RunnerTestNg" name="runScenario" time="9.081"/>
  <testcase classname="com.runner.RunnerTestNg" name="runScenario" time="10.044"/>
  <testcase classname="com.runner.RunnerTestNg" name="runScenario" time="21.602"/>
  <testcase classname="com.runner.RunnerTestNg" name="runScenario" time="20.209"/>
  <testcase classname="com.runner.RunnerTestNg" name="runScenario" time="20.975"/>
  <testcase classname="com.runner.RunnerTestNg" name="runScenario" time="9.154"/>
  <testcase classname="com.runner.RunnerTestNg" name="runScenario" time="23.441"/>
  <testcase classname="com.runner.RunnerTestNg" name="runScenario" time="10.476"/>
  <testcase classname="com.runner.RunnerTestNg" name="runScenario" time="11.501"/>
</testsuite> <!-- com.runner.RunnerTestNg -->
