<?xml version="1.0" encoding="UTF-8"?>
<!-- Generated by org.testng.reporters.JUnitReportReporter -->
<testsuite hostname="Saranya" failures="1" tests="68" name="com.runner.RunnerTestNg" time="2280.967" errors="3" timestamp="2025-05-07T23:39:34 IST" skipped="0">
  <testcase classname="com.runner.RunnerTestNg" name="runScenario" time="27.781"/>
  <testcase classname="com.runner.RunnerTestNg" name="runScenario" time="28.722"/>
  <testcase classname="com.runner.RunnerTestNg" name="runScenario" time="14.058"/>
  <testcase classname="com.runner.RunnerTestNg" name="runScenario" time="41.652"/>
  <testcase classname="com.runner.RunnerTestNg" name="runScenario" time="36.536"/>
  <testcase classname="com.runner.RunnerTestNg" name="runScenario" time="41.126"/>
  <testcase classname="com.runner.RunnerTestNg" name="runScenario" time="17.332"/>
  <testcase classname="com.runner.RunnerTestNg" name="runScenario" time="26.307"/>
  <testcase classname="com.runner.RunnerTestNg" name="runScenario" time="73.900"/>
  <testcase classname="com.runner.RunnerTestNg" name="runScenario" time="41.986"/>
  <testcase classname="com.runner.RunnerTestNg" name="runScenario" time="29.043"/>
  <testcase classname="com.runner.RunnerTestNg" name="runScenario" time="55.014"/>
  <testcase classname="com.runner.RunnerTestNg" name="runScenario" time="93.867"/>
  <testcase classname="com.runner.RunnerTestNg" name="runScenario" time="13.729"/>
  <testcase classname="com.runner.RunnerTestNg" name="runScenario" time="13.538"/>
  <testcase classname="com.runner.RunnerTestNg" name="runScenario" time="21.680"/>
  <testcase classname="com.runner.RunnerTestNg" name="runScenario" time="29.239"/>
  <testcase classname="com.runner.RunnerTestNg" name="runScenario" time="36.735"/>
  <testcase classname="com.runner.RunnerTestNg" name="runScenario" time="30.442"/>
  <testcase classname="com.runner.RunnerTestNg" name="runScenario" time="32.351"/>
  <testcase classname="com.runner.RunnerTestNg" name="runScenario" time="12.726"/>
  <testcase classname="com.runner.RunnerTestNg" name="runScenario" time="21.883"/>
  <testcase classname="com.runner.RunnerTestNg" name="runScenario" time="71.865"/>
  <testcase classname="com.runner.RunnerTestNg" name="runScenario" time="28.459">
    <failure message="expected [true] but found [false]" type="java.lang.AssertionError">
      <![CDATA[java.lang.AssertionError: expected [true] but found [false]
at org.testng.Assert.fail(Assert.java:111)
at org.testng.Assert.failNotEquals(Assert.java:1590)
at org.testng.Assert.assertTrue(Assert.java:57)
at org.testng.Assert.assertTrue(Assert.java:67)
at com.definitions.UserAccountDefinition.user_should_see_success_message(UserAccountDefinition.java:93)
at ✽.user should see "Your address has been successfully added"(file:///C:/Users/saran/git/SeleniumFinalCucumber/ecommerce-lambdatest-bd/src/test/resources/com/features/UserAccountManagement.feature:24)
]]>
    </failure>
  </testcase> <!-- runScenario -->
  <testcase classname="com.runner.RunnerTestNg" name="runScenario" time="29.178"/>
  <testcase classname="com.runner.RunnerTestNg" name="runScenario" time="13.937"/>
  <testcase classname="com.runner.RunnerTestNg" name="runScenario" time="18.602"/>
  <testcase classname="com.runner.RunnerTestNg" name="runScenario" time="35.164">
    <error message="no such element: Unable to locate element: {&quot;method&quot;:&quot;xpath&quot;,&quot;selector&quot;:&quot;//div[contains(@class, &#039;form-check&#039;)]/label/input&quot;}
  (Session info: chrome=136.0.7103.93)
For documentation on this error, please visit: https://www.selenium.dev/documentation/webdriver/troubleshooting/errors#no-such-element-exception
Build info: version: &#039;4.31.0&#039;, revision: &#039;1ef9f18787*&#039;
System info: os.name: &#039;Windows 11&#039;, os.arch: &#039;amd64&#039;, os.version: &#039;10.0&#039;, java.version: &#039;21.0.6&#039;
Driver info: org.openqa.selenium.chrome.ChromeDriver
Command: [35b90cfa9f6f6da24bf2efe50aff6ded, findElement {value=//div[contains(@class, &#039;form-check&#039;)]/label/input, using=xpath}]
Capabilities {acceptInsecureCerts: false, browserName: chrome, browserVersion: 136.0.7103.93, chrome: {chromedriverVersion: 136.0.7103.92 (cb81a4cc5087..., userDataDir: C:\Users\saran\AppData\Loca...}, fedcm:accounts: true, goog:chromeOptions: {debuggerAddress: localhost:56585}, networkConnectionEnabled: false, pageLoadStrategy: normal, platformName: windows, proxy: Proxy(), se:cdp: ws://localhost:56585/devtoo..., se:cdpVersion: 136.0.7103.93, setWindowRect: true, strictFileInteractability: false, timeouts: {implicit: 0, pageLoad: 300000, script: 30000}, unhandledPromptBehavior: dismiss and notify, webauthn:extension:credBlob: true, webauthn:extension:largeBlob: true, webauthn:extension:minPinLength: true, webauthn:extension:prf: true, webauthn:virtualAuthenticators: true}
Session ID: 35b90cfa9f6f6da24bf2efe50aff6ded" type="org.openqa.selenium.NoSuchElementException">
      <![CDATA[org.openqa.selenium.NoSuchElementException: no such element: Unable to locate element: {"method":"xpath","selector":"//div[contains(@class, 'form-check')]/label/input"}
  (Session info: chrome=136.0.7103.93)
For documentation on this error, please visit: https://www.selenium.dev/documentation/webdriver/troubleshooting/errors#no-such-element-exception
Build info: version: '4.31.0', revision: '1ef9f18787*'
System info: os.name: 'Windows 11', os.arch: 'amd64', os.version: '10.0', java.version: '21.0.6'
Driver info: org.openqa.selenium.chrome.ChromeDriver
Command: [35b90cfa9f6f6da24bf2efe50aff6ded, findElement {value=//div[contains(@class, 'form-check')]/label/input, using=xpath}]
Capabilities {acceptInsecureCerts: false, browserName: chrome, browserVersion: 136.0.7103.93, chrome: {chromedriverVersion: 136.0.7103.92 (cb81a4cc5087..., userDataDir: C:\Users\saran\AppData\Loca...}, fedcm:accounts: true, goog:chromeOptions: {debuggerAddress: localhost:56585}, networkConnectionEnabled: false, pageLoadStrategy: normal, platformName: windows, proxy: Proxy(), se:cdp: ws://localhost:56585/devtoo..., se:cdpVersion: 136.0.7103.93, setWindowRect: true, strictFileInteractability: false, timeouts: {implicit: 0, pageLoad: 300000, script: 30000}, unhandledPromptBehavior: dismiss and notify, webauthn:extension:credBlob: true, webauthn:extension:largeBlob: true, webauthn:extension:minPinLength: true, webauthn:extension:prf: true, webauthn:virtualAuthenticators: true}
Session ID: 35b90cfa9f6f6da24bf2efe50aff6ded
at java.base/jdk.internal.reflect.DirectConstructorHandleAccessor.newInstance(DirectConstructorHandleAccessor.java:62)
at java.base/java.lang.reflect.Constructor.newInstanceWithCaller(Constructor.java:502)
at java.base/java.lang.reflect.Constructor.newInstance(Constructor.java:486)
at org.openqa.selenium.remote.ErrorCodec.decode(ErrorCodec.java:167)
at org.openqa.selenium.remote.codec.w3c.W3CHttpResponseCodec.decode(W3CHttpResponseCodec.java:138)
at org.openqa.selenium.remote.codec.w3c.W3CHttpResponseCodec.decode(W3CHttpResponseCodec.java:50)
at org.openqa.selenium.remote.HttpCommandExecutor.execute(HttpCommandExecutor.java:215)
at org.openqa.selenium.remote.service.DriverCommandExecutor.invokeExecute(DriverCommandExecutor.java:216)
at org.openqa.selenium.remote.service.DriverCommandExecutor.execute(DriverCommandExecutor.java:174)
at org.openqa.selenium.remote.RemoteWebDriver.execute(RemoteWebDriver.java:545)
at org.openqa.selenium.remote.ElementLocation$ElementFinder$2.findElement(ElementLocation.java:165)
at org.openqa.selenium.remote.ElementLocation.findElement(ElementLocation.java:59)
at org.openqa.selenium.remote.RemoteWebDriver.findElement(RemoteWebDriver.java:368)
at org.openqa.selenium.remote.RemoteWebDriver.findElement(RemoteWebDriver.java:362)
at org.openqa.selenium.support.pagefactory.DefaultElementLocator.findElement(DefaultElementLocator.java:68)
at org.openqa.selenium.support.pagefactory.internal.LocatingElementHandler.invoke(LocatingElementHandler.java:38)
at jdk.proxy2/jdk.proxy2.$Proxy60.click(Unknown Source)
at com.actions.EstimateShippingACtion.selectsFlatShippingRate(EstimateShippingACtion.java:81)
at com.definitions.EstimateShippingDefinition.the_user_selects_flat_shipping_rate_and_clicks_apply_shipping_button(EstimateShippingDefinition.java:43)
at ✽.the user selects Flat Shipping Rate and clicks Apply Shipping button(file:///C:/Users/saran/git/SeleniumFinalCucumber/ecommerce-lambdatest-bd/src/test/resources/com/features/EstimateShippingStatus.feature:17)
]]>
    </error>
  </testcase> <!-- runScenario -->
  <testcase classname="com.runner.RunnerTestNg" name="runScenario" time="28.778"/>
  <testcase classname="com.runner.RunnerTestNg" name="runScenario" time="23.511"/>
  <testcase classname="com.runner.RunnerTestNg" name="runScenario" time="26.895"/>
  <testcase classname="com.runner.RunnerTestNg" name="runScenario" time="47.094"/>
  <testcase classname="com.runner.RunnerTestNg" name="runScenario" time="32.132"/>
  <testcase classname="com.runner.RunnerTestNg" name="runScenario" time="15.387"/>
  <testcase classname="com.runner.RunnerTestNg" name="runScenario" time="39.048"/>
  <testcase classname="com.runner.RunnerTestNg" name="runScenario" time="82.738"/>
  <testcase classname="com.runner.RunnerTestNg" name="runScenario" time="26.651">
    <error message="Element was not clickable within the timeout period" type="java.lang.RuntimeException">
      <![CDATA[java.lang.RuntimeException: Element was not clickable within the timeout period
at com.actions.ProductCompareAction.closeToastIfVisible(ProductCompareAction.java:54)
at com.actions.ProductCompareAction.clickProductCompare(ProductCompareAction.java:63)
at com.definitions.ProductCompareDefinition.the_user_clicks_product_compare(ProductCompareDefinition.java:15)
at ✽.the user clicks product compare(file:///C:/Users/saran/git/SeleniumFinalCucumber/ecommerce-lambdatest-bd/src/test/resources/com/features/ProductCompare.feature:10)
Caused by: org.openqa.selenium.NoSuchElementException: no such element: Unable to locate element: {"method":"css selector","selector":".toast-header"}
  (Session info: chrome=136.0.7103.93)
For documentation on this error, please visit: https://www.selenium.dev/documentation/webdriver/troubleshooting/errors#no-such-element-exception
Build info: version: '4.31.0', revision: '1ef9f18787*'
System info: os.name: 'Windows 11', os.arch: 'amd64', os.version: '10.0', java.version: '21.0.6'
Driver info: org.openqa.selenium.chrome.ChromeDriver
Command: [c346c8a0d00edecc25898222d91cbfdd, findElement {value=.toast-header, using=css selector}]
Capabilities {acceptInsecureCerts: false, browserName: chrome, browserVersion: 136.0.7103.93, chrome: {chromedriverVersion: 136.0.7103.92 (cb81a4cc5087..., userDataDir: C:\Users\saran\AppData\Loca...}, fedcm:accounts: true, goog:chromeOptions: {debuggerAddress: localhost:57304}, networkConnectionEnabled: false, pageLoadStrategy: normal, platformName: windows, proxy: Proxy(), se:cdp: ws://localhost:57304/devtoo..., se:cdpVersion: 136.0.7103.93, setWindowRect: true, strictFileInteractability: false, timeouts: {implicit: 0, pageLoad: 300000, script: 30000}, unhandledPromptBehavior: dismiss and notify, webauthn:extension:credBlob: true, webauthn:extension:largeBlob: true, webauthn:extension:minPinLength: true, webauthn:extension:prf: true, webauthn:virtualAuthenticators: true}
Session ID: c346c8a0d00edecc25898222d91cbfdd
at java.base/jdk.internal.reflect.DirectConstructorHandleAccessor.newInstance(DirectConstructorHandleAccessor.java:62)
at java.base/java.lang.reflect.Constructor.newInstanceWithCaller(Constructor.java:502)
at java.base/java.lang.reflect.Constructor.newInstance(Constructor.java:486)
at org.openqa.selenium.remote.ErrorCodec.decode(ErrorCodec.java:167)
at org.openqa.selenium.remote.codec.w3c.W3CHttpResponseCodec.decode(W3CHttpResponseCodec.java:138)
at org.openqa.selenium.remote.codec.w3c.W3CHttpResponseCodec.decode(W3CHttpResponseCodec.java:50)
at org.openqa.selenium.remote.HttpCommandExecutor.execute(HttpCommandExecutor.java:215)
at org.openqa.selenium.remote.service.DriverCommandExecutor.invokeExecute(DriverCommandExecutor.java:216)
at org.openqa.selenium.remote.service.DriverCommandExecutor.execute(DriverCommandExecutor.java:174)
at org.openqa.selenium.remote.RemoteWebDriver.execute(RemoteWebDriver.java:545)
at org.openqa.selenium.remote.ElementLocation$ElementFinder$2.findElement(ElementLocation.java:165)
at org.openqa.selenium.remote.ElementLocation.findElement(ElementLocation.java:59)
at org.openqa.selenium.remote.RemoteWebDriver.findElement(RemoteWebDriver.java:368)
at org.openqa.selenium.remote.RemoteWebDriver.findElement(RemoteWebDriver.java:362)
at com.actions.ProductCompareAction.closeToastIfVisible(ProductCompareAction.java:48)
... 3 more
]]>
    </error>
  </testcase> <!-- runScenario -->
  <testcase classname="com.runner.RunnerTestNg" name="runScenario" time="32.755"/>
  <testcase classname="com.runner.RunnerTestNg" name="runScenario" time="10.596"/>
  <testcase classname="com.runner.RunnerTestNg" name="runScenario" time="53.102"/>
  <testcase classname="com.runner.RunnerTestNg" name="runScenario" time="80.437"/>
  <testcase classname="com.runner.RunnerTestNg" name="runScenario" time="23.964"/>
  <testcase classname="com.runner.RunnerTestNg" name="runScenario" time="34.877"/>
  <testcase classname="com.runner.RunnerTestNg" name="runScenario" time="15.609"/>
  <testcase classname="com.runner.RunnerTestNg" name="runScenario" time="15.767"/>
  <testcase classname="com.runner.RunnerTestNg" name="runScenario" time="40.027"/>
  <testcase classname="com.runner.RunnerTestNg" name="runScenario" time="40.022"/>
  <testcase classname="com.runner.RunnerTestNg" name="runScenario" time="34.595"/>
  <testcase classname="com.runner.RunnerTestNg" name="runScenario" time="83.128"/>
  <testcase classname="com.runner.RunnerTestNg" name="runScenario" time="24.209">
    <error message="Element was not clickable within the timeout period" type="java.lang.RuntimeException">
      <![CDATA[java.lang.RuntimeException: Element was not clickable within the timeout period
at com.actions.ProductCompareAction.closeToastIfVisible(ProductCompareAction.java:54)
at com.actions.ProductCompareAction.clickProduct(ProductCompareAction.java:82)
at com.definitions.ProductCompareDefinition.user_selects_the_products_to_compare(ProductCompareDefinition.java:33)
at ✽.user selects the products to compare(file:///C:/Users/saran/git/SeleniumFinalCucumber/ecommerce-lambdatest-bd/src/test/resources/com/features/ProductCompare.feature:16)
Caused by: org.openqa.selenium.NoSuchElementException: no such element: Unable to locate element: {"method":"css selector","selector":".toast-header"}
  (Session info: chrome=136.0.7103.93)
For documentation on this error, please visit: https://www.selenium.dev/documentation/webdriver/troubleshooting/errors#no-such-element-exception
Build info: version: '4.31.0', revision: '1ef9f18787*'
System info: os.name: 'Windows 11', os.arch: 'amd64', os.version: '10.0', java.version: '21.0.6'
Driver info: org.openqa.selenium.chrome.ChromeDriver
Command: [f73561aea4aa6e2e339c2b3094bd33bb, findElement {value=.toast-header, using=css selector}]
Capabilities {acceptInsecureCerts: false, browserName: chrome, browserVersion: 136.0.7103.93, chrome: {chromedriverVersion: 136.0.7103.92 (cb81a4cc5087..., userDataDir: C:\Users\saran\AppData\Loca...}, fedcm:accounts: true, goog:chromeOptions: {debuggerAddress: localhost:57342}, networkConnectionEnabled: false, pageLoadStrategy: normal, platformName: windows, proxy: Proxy(), se:cdp: ws://localhost:57342/devtoo..., se:cdpVersion: 136.0.7103.93, setWindowRect: true, strictFileInteractability: false, timeouts: {implicit: 0, pageLoad: 300000, script: 30000}, unhandledPromptBehavior: dismiss and notify, webauthn:extension:credBlob: true, webauthn:extension:largeBlob: true, webauthn:extension:minPinLength: true, webauthn:extension:prf: true, webauthn:virtualAuthenticators: true}
Session ID: f73561aea4aa6e2e339c2b3094bd33bb
at java.base/jdk.internal.reflect.DirectConstructorHandleAccessor.newInstance(DirectConstructorHandleAccessor.java:62)
at java.base/java.lang.reflect.Constructor.newInstanceWithCaller(Constructor.java:502)
at java.base/java.lang.reflect.Constructor.newInstance(Constructor.java:486)
at org.openqa.selenium.remote.ErrorCodec.decode(ErrorCodec.java:167)
at org.openqa.selenium.remote.codec.w3c.W3CHttpResponseCodec.decode(W3CHttpResponseCodec.java:138)
at org.openqa.selenium.remote.codec.w3c.W3CHttpResponseCodec.decode(W3CHttpResponseCodec.java:50)
at org.openqa.selenium.remote.HttpCommandExecutor.execute(HttpCommandExecutor.java:215)
at org.openqa.selenium.remote.service.DriverCommandExecutor.invokeExecute(DriverCommandExecutor.java:216)
at org.openqa.selenium.remote.service.DriverCommandExecutor.execute(DriverCommandExecutor.java:174)
at org.openqa.selenium.remote.RemoteWebDriver.execute(RemoteWebDriver.java:545)
at org.openqa.selenium.remote.ElementLocation$ElementFinder$2.findElement(ElementLocation.java:165)
at org.openqa.selenium.remote.ElementLocation.findElement(ElementLocation.java:59)
at org.openqa.selenium.remote.RemoteWebDriver.findElement(RemoteWebDriver.java:368)
at org.openqa.selenium.remote.RemoteWebDriver.findElement(RemoteWebDriver.java:362)
at com.actions.ProductCompareAction.closeToastIfVisible(ProductCompareAction.java:48)
... 3 more
]]>
    </error>
  </testcase> <!-- runScenario -->
  <testcase classname="com.runner.RunnerTestNg" name="runScenario" time="54.644"/>
  <testcase classname="com.runner.RunnerTestNg" name="runScenario" time="27.374"/>
  <testcase classname="com.runner.RunnerTestNg" name="runScenario" time="25.149"/>
  <testcase classname="com.runner.RunnerTestNg" name="runScenario" time="23.522"/>
  <testcase classname="com.runner.RunnerTestNg" name="runScenario" time="19.563"/>
  <testcase classname="com.runner.RunnerTestNg" name="runScenario" time="46.418"/>
  <testcase classname="com.runner.RunnerTestNg" name="runScenario" time="24.973"/>
  <testcase classname="com.runner.RunnerTestNg" name="runScenario" time="19.713"/>
  <testcase classname="com.runner.RunnerTestNg" name="runScenario" time="18.983"/>
  <testcase classname="com.runner.RunnerTestNg" name="runScenario" time="33.155"/>
  <testcase classname="com.runner.RunnerTestNg" name="runScenario" time="20.237"/>
  <testcase classname="com.runner.RunnerTestNg" name="runScenario" time="24.689"/>
  <testcase classname="com.runner.RunnerTestNg" name="runScenario" time="53.259"/>
  <testcase classname="com.runner.RunnerTestNg" name="runScenario" time="19.844"/>
  <testcase classname="com.runner.RunnerTestNg" name="runScenario" time="20.492"/>
  <testcase classname="com.runner.RunnerTestNg" name="runScenario" time="68.472"/>
  <testcase classname="com.runner.RunnerTestNg" name="runScenario" time="12.101"/>
  <testcase classname="com.runner.RunnerTestNg" name="runScenario" time="20.205"/>
</testsuite> <!-- com.runner.RunnerTestNg -->
