<?xml version="1.0" encoding="UTF-8"?>
<!-- Generated by org.testng.reporters.JUnitReportReporter -->
<testsuite hostname="DESKTOP-IF37F16" failures="3" tests="22" name="com.runner.RunnerTestNg" time="2979.467" errors="0" timestamp="2025-05-07T23:01:54 IST" skipped="0">
  <testcase classname="com.runner.RunnerTestNg" name="runScenario" time="81.904"/>
  <testcase classname="com.runner.RunnerTestNg" name="runScenario" time="157.649"/>
  <testcase classname="com.runner.RunnerTestNg" name="runScenario" time="45.988"/>
  <testcase classname="com.runner.RunnerTestNg" name="runScenario" time="66.941"/>
  <testcase classname="com.runner.RunnerTestNg" name="runScenario" time="232.185"/>
  <testcase classname="com.runner.RunnerTestNg" name="runScenario" time="156.305"/>
  <testcase classname="com.runner.RunnerTestNg" name="runScenario" time="150.039"/>
  <testcase classname="com.runner.RunnerTestNg" name="runScenario" time="138.584"/>
  <testcase classname="com.runner.RunnerTestNg" name="runScenario" time="148.546"/>
  <testcase classname="com.runner.RunnerTestNg" name="runScenario" time="250.747">
    <failure message="expected [true] but found [false]" type="java.lang.AssertionError">
      <![CDATA[java.lang.AssertionError: expected [true] but found [false]
at org.testng.Assert.fail(Assert.java:111)
at org.testng.Assert.failNotEquals(Assert.java:1590)
at org.testng.Assert.assertTrue(Assert.java:57)
at org.testng.Assert.assertTrue(Assert.java:67)
at com.definitions.ProductReviewDefinition.success_message_should_be_displayed(ProductReviewDefinition.java:45)
at ✽.success message "Thank you for your review. It has been submitted to the webmaster for approval." should be displayed(file:///C:/Users/admi/git/Ecommerce-lamdatest-bdd/ecommerce-lambdatest-bd/src/test/resources/com/features/ProductReview.feature:14)
]]>
    </failure>
  </testcase> <!-- runScenario -->
  <testcase classname="com.runner.RunnerTestNg" name="runScenario" time="215.994"/>
  <testcase classname="com.runner.RunnerTestNg" name="runScenario" time="142.022"/>
  <testcase classname="com.runner.RunnerTestNg" name="runScenario" time="65.868"/>
  <testcase classname="com.runner.RunnerTestNg" name="runScenario" time="45.321"/>
  <testcase classname="com.runner.RunnerTestNg" name="runScenario" time="57.759"/>
  <testcase classname="com.runner.RunnerTestNg" name="runScenario" time="226.027">
    <failure message="Actual message:  expected [true] but found [false]" type="java.lang.AssertionError">
      <![CDATA[java.lang.AssertionError: Actual message:  expected [true] but found [false]
at org.testng.Assert.fail(Assert.java:111)
at org.testng.Assert.failNotEquals(Assert.java:1590)
at org.testng.Assert.assertTrue(Assert.java:57)
at com.definitions.AddToCartDefinition.sizeReq(AddToCartDefinition.java:69)
at ✽.user should see a message "Size required!"(file:///C:/Users/admi/git/Ecommerce-lamdatest-bdd/ecommerce-lambdatest-bd/src/test/resources/com/features/AddToCart.feature:40)
]]>
    </failure>
  </testcase> <!-- runScenario -->
  <testcase classname="com.runner.RunnerTestNg" name="runScenario" time="250.456"/>
  <testcase classname="com.runner.RunnerTestNg" name="runScenario" time="128.990"/>
  <testcase classname="com.runner.RunnerTestNg" name="runScenario" time="99.465"/>
  <testcase classname="com.runner.RunnerTestNg" name="runScenario" time="129.533"/>
  <testcase classname="com.runner.RunnerTestNg" name="runScenario" time="79.616">
    <failure message="expected [true] but found [false]" type="java.lang.AssertionError">
      <![CDATA[java.lang.AssertionError: expected [true] but found [false]
at org.testng.Assert.fail(Assert.java:111)
at org.testng.Assert.failNotEquals(Assert.java:1590)
at org.testng.Assert.assertTrue(Assert.java:57)
at org.testng.Assert.assertTrue(Assert.java:67)
at com.definitions.UserAccountDefinition.user_should_see_success_message(UserAccountDefinition.java:93)
at ✽.user should see "Success: You have modified your wish list!"(file:///C:/Users/admi/git/Ecommerce-lamdatest-bdd/ecommerce-lambdatest-bd/src/test/resources/com/features/UserAccountManagement.feature:33)
]]>
    </failure>
  </testcase> <!-- runScenario -->
  <testcase classname="com.runner.RunnerTestNg" name="runScenario" time="109.528"/>
</testsuite> <!-- com.runner.RunnerTestNg -->
