<?xml version="1.0" encoding="UTF-8"?>
<!-- Generated by org.testng.reporters.JUnitReportReporter -->
<testsuite hostname="LAPTOP-LEC46EMO" failures="0" tests="26" name="com.runner.RunnerTestNg" time="1116.138" errors="0" timestamp="2025-05-08T09:51:55 IST" skipped="0">
  <testcase classname="com.runner.RunnerTestNg" name="runScenario" time="67.603"/>
  <testcase classname="com.runner.RunnerTestNg" name="runScenario" time="23.445"/>
  <testcase classname="com.runner.RunnerTestNg" name="runScenario" time="28.449"/>
  <testcase classname="com.runner.RunnerTestNg" name="runScenario" time="68.481"/>
  <testcase classname="com.runner.RunnerTestNg" name="runScenario" time="23.294"/>
  <testcase classname="com.runner.RunnerTestNg" name="runScenario" time="40.710"/>
  <testcase classname="com.runner.RunnerTestNg" name="runScenario" time="25.866"/>
  <testcase classname="com.runner.RunnerTestNg" name="runScenario" time="28.657"/>
  <testcase classname="com.runner.RunnerTestNg" name="runScenario" time="35.276"/>
  <testcase classname="com.runner.RunnerTestNg" name="runScenario" time="55.492"/>
  <testcase classname="com.runner.RunnerTestNg" name="runScenario" time="39.187"/>
  <testcase classname="com.runner.RunnerTestNg" name="runScenario" time="59.424"/>
  <testcase classname="com.runner.RunnerTestNg" name="runScenario" time="55.789"/>
  <testcase classname="com.runner.RunnerTestNg" name="runScenario" time="28.374"/>
  <testcase classname="com.runner.RunnerTestNg" name="runScenario" time="17.696"/>
  <testcase classname="com.runner.RunnerTestNg" name="runScenario" time="48.030"/>
  <testcase classname="com.runner.RunnerTestNg" name="runScenario" time="23.334"/>
  <testcase classname="com.runner.RunnerTestNg" name="runScenario" time="79.123"/>
  <testcase classname="com.runner.RunnerTestNg" name="runScenario" time="29.202"/>
  <testcase classname="com.runner.RunnerTestNg" name="runScenario" time="50.105"/>
  <testcase classname="com.runner.RunnerTestNg" name="runScenario" time="55.267"/>
  <testcase classname="com.runner.RunnerTestNg" name="runScenario" time="55.783"/>
  <testcase classname="com.runner.RunnerTestNg" name="runScenario" time="28.776"/>
  <testcase classname="com.runner.RunnerTestNg" name="runScenario" time="12.152"/>
  <testcase classname="com.runner.RunnerTestNg" name="runScenario" time="107.497"/>
  <testcase classname="com.runner.RunnerTestNg" name="runScenario" time="29.126"/>
</testsuite> <!-- com.runner.RunnerTestNg -->
