<?xml version="1.0" encoding="UTF-8"?>
<!-- Generated by org.testng.reporters.JUnitReportReporter -->
<testsuite hostname="LAPTOP-LEC46EMO" failures="0" tests="4" name="com.runner.RunnerTestNg" time="119.911" errors="0" timestamp="2025-04-15T15:21:06 IST" skipped="0">
  <testcase classname="com.runner.RunnerTestNg" name="runScenario" time="29.266"/>
  <testcase classname="com.runner.RunnerTestNg" name="runScenario" time="29.605"/>
  <testcase classname="com.runner.RunnerTestNg" name="runScenario" time="30.411"/>
  <testcase classname="com.runner.RunnerTestNg" name="runScenario" time="30.629"/>
</testsuite> <!-- com.runner.RunnerTestNg -->
