<?xml version="1.0" encoding="UTF-8"?>
<!-- Generated by org.testng.reporters.JUnitReportReporter -->
<testsuite hostname="DESKTOP-IF37F16" failures="0" tests="4" name="com.runner.RunnerTestNg2" time="58.496" errors="0" timestamp="2025-04-16T12:54:46 IST" skipped="0">
  <testcase classname="com.runner.RunnerTestNg2" name="runScenario" time="16.841"/>
  <testcase classname="com.runner.RunnerTestNg2" name="runScenario" time="14.065"/>
  <testcase classname="com.runner.RunnerTestNg2" name="runScenario" time="13.624"/>
  <testcase classname="com.runner.RunnerTestNg2" name="runScenario" time="13.966"/>
</testsuite> <!-- com.runner.RunnerTestNg2 -->
